{"/home/travis/build/npmtest/node-npmtest-angular-resource/test.js":{"path":"/home/travis/build/npmtest/node-npmtest-angular-resource/test.js","s":{"1":2,"2":2,"3":2,"4":2,"5":2,"6":2,"7":2,"8":1,"9":2,"10":2,"11":1,"12":1,"13":1,"14":1,"15":2,"16":2,"17":2,"18":2,"19":1,"20":1,"21":2,"22":2,"23":2,"24":1,"25":1,"26":1,"27":1,"28":1,"29":1,"30":1,"31":1,"32":1,"33":1,"34":1,"35":1,"36":1,"37":1,"38":1,"39":2,"40":2,"41":1,"42":2,"43":2,"44":1,"45":2,"46":2,"47":1,"48":2,"49":2,"50":1,"51":1,"52":1,"53":1,"54":1},"b":{"1":[2,1,1,1],"2":[1,1,1,1],"3":[1,1],"4":[1,1],"5":[1,1],"6":[1,1],"7":[1,1],"8":[1,1],"9":[1,1],"10":[1,1,1],"11":[1,1],"12":[1,1],"13":[1,1],"14":[1,1],"15":[1,1],"16":[1,1],"17":[1,1]},"f":{"1":2,"2":2,"3":2,"4":2,"5":2,"6":1,"7":1,"8":1,"9":2,"10":2,"11":2,"12":2,"13":1},"fnMap":{"1":{"name":"(anonymous_1)","line":12,"loc":{"start":{"line":12,"column":1},"end":{"line":12,"column":13}}},"2":{"name":"(anonymous_2)","line":19,"loc":{"start":{"line":19,"column":5},"end":{"line":19,"column":17}}},"3":{"name":"(anonymous_3)","line":23,"loc":{"start":{"line":23,"column":24},"end":{"line":23,"column":36}}},"4":{"name":"(anonymous_4)","line":61,"loc":{"start":{"line":61,"column":5},"end":{"line":61,"column":17}}},"5":{"name":"(anonymous_5)","line":82,"loc":{"start":{"line":82,"column":5},"end":{"line":82,"column":17}}},"6":{"name":"(anonymous_6)","line":91,"loc":{"start":{"line":91,"column":77},"end":{"line":94,"column":10}}},"7":{"name":"(anonymous_7)","line":112,"loc":{"start":{"line":112,"column":83},"end":{"line":115,"column":10}},"skip":true},"8":{"name":"(anonymous_8)","line":123,"loc":{"start":{"line":123,"column":77},"end":{"line":126,"column":10}},"skip":true},"9":{"name":"(anonymous_9)","line":139,"loc":{"start":{"line":139,"column":12},"end":{"line":139,"column":40}},"skip":true},"10":{"name":"(anonymous_10)","line":147,"loc":{"start":{"line":147,"column":77},"end":{"line":150,"column":10}},"skip":true},"11":{"name":"(anonymous_11)","line":158,"loc":{"start":{"line":158,"column":83},"end":{"line":161,"column":10}},"skip":true},"12":{"name":"(anonymous_12)","line":169,"loc":{"start":{"line":169,"column":79},"end":{"line":172,"column":10}},"skip":true},"13":{"name":"(anonymous_13)","line":180,"loc":{"start":{"line":180,"column":75},"end":{"line":183,"column":10}},"skip":true}},"statementMap":{"1":{"start":{"line":12,"column":0},"end":{"line":195,"column":5}},"2":{"start":{"line":14,"column":4},"end":{"line":14,"column":14}},"3":{"start":{"line":19,"column":4},"end":{"line":56,"column":9}},"4":{"start":{"line":21,"column":8},"end":{"line":21,"column":19}},"5":{"start":{"line":23,"column":8},"end":{"line":35,"column":13}},"6":{"start":{"line":24,"column":12},"end":{"line":34,"column":13}},"7":{"start":{"line":25,"column":16},"end":{"line":28,"column":30}},"8":{"start":{"line":30,"column":16},"end":{"line":33,"column":27}},"9":{"start":{"line":37,"column":8},"end":{"line":39,"column":21}},"10":{"start":{"line":40,"column":8},"end":{"line":53,"column":9}},"11":{"start":{"line":43,"column":12},"end":{"line":46,"column":14}},"12":{"start":{"line":47,"column":12},"end":{"line":47,"column":18}},"13":{"start":{"line":50,"column":12},"end":{"line":51,"column":33}},"14":{"start":{"line":52,"column":12},"end":{"line":52,"column":18}},"15":{"start":{"line":55,"column":8},"end":{"line":55,"column":35}},"16":{"start":{"line":61,"column":4},"end":{"line":63,"column":9}},"17":{"start":{"line":62,"column":8},"end":{"line":62,"column":15}},"18":{"start":{"line":64,"column":4},"end":{"line":77,"column":5}},"19":{"start":{"line":70,"column":8},"end":{"line":70,"column":14}},"20":{"start":{"line":76,"column":8},"end":{"line":76,"column":14}},"21":{"start":{"line":82,"column":4},"end":{"line":84,"column":9}},"22":{"start":{"line":83,"column":8},"end":{"line":83,"column":15}},"23":{"start":{"line":85,"column":4},"end":{"line":194,"column":5}},"24":{"start":{"line":91,"column":8},"end":{"line":99,"column":10}},"25":{"start":{"line":98,"column":12},"end":{"line":98,"column":35}},"26":{"start":{"line":102,"column":8},"end":{"line":104,"column":63}},"27":{"start":{"line":105,"column":8},"end":{"line":105,"column":14}},"28":{"start":{"line":112,"column":8},"end":{"line":121,"column":10},"skip":true},"29":{"start":{"line":119,"column":12},"end":{"line":119,"column":55},"skip":true},"30":{"start":{"line":120,"column":12},"end":{"line":120,"column":48},"skip":true},"31":{"start":{"line":123,"column":8},"end":{"line":136,"column":10},"skip":true},"32":{"start":{"line":130,"column":12},"end":{"line":130,"column":76},"skip":true},"33":{"start":{"line":131,"column":12},"end":{"line":131,"column":73},"skip":true},"34":{"start":{"line":132,"column":12},"end":{"line":132,"column":74},"skip":true},"35":{"start":{"line":133,"column":12},"end":{"line":133,"column":79},"skip":true},"36":{"start":{"line":134,"column":12},"end":{"line":134,"column":25},"skip":true},"37":{"start":{"line":135,"column":12},"end":{"line":135,"column":45},"skip":true},"38":{"start":{"line":138,"column":8},"end":{"line":145,"column":14},"skip":true},"39":{"start":{"line":143,"column":16},"end":{"line":143,"column":29},"skip":true},"40":{"start":{"line":144,"column":16},"end":{"line":144,"column":55},"skip":true},"41":{"start":{"line":147,"column":8},"end":{"line":156,"column":10},"skip":true},"42":{"start":{"line":154,"column":12},"end":{"line":154,"column":25},"skip":true},"43":{"start":{"line":155,"column":12},"end":{"line":155,"column":45},"skip":true},"44":{"start":{"line":158,"column":8},"end":{"line":167,"column":10},"skip":true},"45":{"start":{"line":165,"column":12},"end":{"line":165,"column":25},"skip":true},"46":{"start":{"line":166,"column":12},"end":{"line":166,"column":48},"skip":true},"47":{"start":{"line":169,"column":8},"end":{"line":178,"column":10},"skip":true},"48":{"start":{"line":176,"column":12},"end":{"line":176,"column":25},"skip":true},"49":{"start":{"line":177,"column":12},"end":{"line":177,"column":46},"skip":true},"50":{"start":{"line":180,"column":8},"end":{"line":189,"column":10},"skip":true},"51":{"start":{"line":187,"column":12},"end":{"line":187,"column":94},"skip":true},"52":{"start":{"line":188,"column":12},"end":{"line":188,"column":48},"skip":true},"53":{"start":{"line":192,"column":8},"end":{"line":192,"column":35},"skip":true},"54":{"start":{"line":193,"column":8},"end":{"line":193,"column":14},"skip":true}},"branchMap":{"1":{"line":25,"type":"binary-expr","locations":[{"start":{"line":25,"column":23},"end":{"line":25,"column":62}},{"start":{"line":26,"column":20},"end":{"line":26,"column":70}},{"start":{"line":27,"column":20},"end":{"line":27,"column":71}},{"start":{"line":28,"column":20},"end":{"line":28,"column":29}}]},"2":{"line":30,"type":"binary-expr","locations":[{"start":{"line":30,"column":23},"end":{"line":30,"column":37}},{"start":{"line":31,"column":20},"end":{"line":31,"column":61}},{"start":{"line":32,"column":20},"end":{"line":32,"column":70}},{"start":{"line":33,"column":20},"end":{"line":33,"column":26}}]},"3":{"line":37,"type":"cond-expr","locations":[{"start":{"line":38,"column":14},"end":{"line":38,"column":20}},{"start":{"line":39,"column":14},"end":{"line":39,"column":20}}]},"4":{"line":40,"type":"switch","locations":[{"start":{"line":42,"column":8},"end":{"line":47,"column":18}},{"start":{"line":49,"column":8},"end":{"line":52,"column":18}}]},"5":{"line":44,"type":"binary-expr","locations":[{"start":{"line":44,"column":16},"end":{"line":44,"column":44}},{"start":{"line":44,"column":48},"end":{"line":44,"column":66}}]},"6":{"line":50,"type":"binary-expr","locations":[{"start":{"line":50,"column":21},"end":{"line":50,"column":49}},{"start":{"line":50,"column":53},"end":{"line":50,"column":72}}]},"7":{"line":64,"type":"switch","locations":[{"start":{"line":69,"column":4},"end":{"line":70,"column":14}},{"start":{"line":75,"column":4},"end":{"line":76,"column":14}}]},"8":{"line":85,"type":"switch","locations":[{"start":{"line":90,"column":4},"end":{"line":105,"column":14}},{"start":{"line":111,"column":4},"end":{"line":193,"column":14},"skip":true}]},"9":{"line":91,"type":"binary-expr","locations":[{"start":{"line":91,"column":42},"end":{"line":91,"column":73}},{"start":{"line":91,"column":77},"end":{"line":99,"column":9}}]},"10":{"line":102,"type":"binary-expr","locations":[{"start":{"line":102,"column":18},"end":{"line":102,"column":32}},{"start":{"line":103,"column":12},"end":{"line":103,"column":53}},{"start":{"line":104,"column":12},"end":{"line":104,"column":61}}]},"11":{"line":112,"type":"binary-expr","locations":[{"start":{"line":112,"column":45},"end":{"line":112,"column":79},"skip":true},{"start":{"line":112,"column":83},"end":{"line":121,"column":9},"skip":true}]},"12":{"line":123,"type":"binary-expr","locations":[{"start":{"line":123,"column":42},"end":{"line":123,"column":73},"skip":true},{"start":{"line":123,"column":77},"end":{"line":136,"column":9},"skip":true}]},"13":{"line":138,"type":"binary-expr","locations":[{"start":{"line":138,"column":48},"end":{"line":138,"column":85},"skip":true},{"start":{"line":139,"column":12},"end":{"line":145,"column":13},"skip":true}]},"14":{"line":147,"type":"binary-expr","locations":[{"start":{"line":147,"column":42},"end":{"line":147,"column":73},"skip":true},{"start":{"line":147,"column":77},"end":{"line":156,"column":9},"skip":true}]},"15":{"line":158,"type":"binary-expr","locations":[{"start":{"line":158,"column":45},"end":{"line":158,"column":79},"skip":true},{"start":{"line":158,"column":83},"end":{"line":167,"column":9},"skip":true}]},"16":{"line":169,"type":"binary-expr","locations":[{"start":{"line":169,"column":43},"end":{"line":169,"column":75},"skip":true},{"start":{"line":169,"column":79},"end":{"line":178,"column":9},"skip":true}]},"17":{"line":180,"type":"binary-expr","locations":[{"start":{"line":180,"column":41},"end":{"line":180,"column":71},"skip":true},{"start":{"line":180,"column":75},"end":{"line":189,"column":9},"skip":true}]}},"code":["/* istanbul instrument in package npmtest_angular_resource */","/*jslint","    bitwise: true,","    browser: true,","    maxerr: 8,","    maxlen: 96,","    node: true,","    nomen: true,","    regexp: true,","    stupid: true","*/","(function () {","    'use strict';","    var local;","","","","    // run shared js-env code - pre-init","    (function () {","        // init local","        local = {};","        // init modeJs","        local.modeJs = (function () {","            try {","                return typeof navigator.userAgent === 'string' &&","                    typeof document.querySelector('body') === 'object' &&","                    typeof XMLHttpRequest.prototype.open === 'function' &&","                    'browser';","            } catch (errorCaughtBrowser) {","                return module.exports &&","                    typeof process.versions.node === 'string' &&","                    typeof require('http').createServer === 'function' &&","                    'node';","            }","        }());","        // init global","        local.global = local.modeJs === 'browser'","            ? window","            : global;","        switch (local.modeJs) {","        // re-init local from window.local","        case 'browser':","            local = local.global.utility2.objectSetDefault(","                local.global.utility2_rollup || local.global.local,","                local.global.utility2","            );","            break;","        // re-init local from example.js","        case 'node':","            local = (local.global.utility2_rollup || require('utility2'))","                .requireReadme();","            break;","        }","        // export local","        local.global.local = local;","    }());","","","","    // run shared js-env code - function","    (function () {","        return;","    }());","    switch (local.modeJs) {","","","","    // run browser js-env code - function","    case 'browser':","        break;","","","","    // run node js-env code - function","    case 'node':","        break;","    }","","","","    // run shared js-env code - post-init","    (function () {","        return;","    }());","    switch (local.modeJs) {","","","","    // run browser js-env code - post-init","    case 'browser':","        local.testCase_browser_nullCase = local.testCase_browser_nullCase || function (","            options,","            onError","        ) {","        /*","         * this function will test browsers's null-case handling-behavior-behavior","         */","            onError(null, options);","        };","","        // run tests","        local.nop(local.modeTest &&","            document.querySelector('#testRunButton1') &&","            document.querySelector('#testRunButton1').click());","        break;","","","","    // run node js-env code - post-init","    /* istanbul ignore next */","    case 'node':","        local.testCase_buildApidoc_default = local.testCase_buildApidoc_default || function (","            options,","            onError","        ) {","        /*","         * this function will test buildApidoc's default handling-behavior-behavior","         */","            options = { modulePathList: module.paths };","            local.buildApidoc(options, onError);","        };","","        local.testCase_buildApp_default = local.testCase_buildApp_default || function (","            options,","            onError","        ) {","        /*","         * this function will test buildApp's default handling-behavior-behavior","         */","            local.testCase_buildReadme_default(options, local.onErrorThrow);","            local.testCase_buildLib_default(options, local.onErrorThrow);","            local.testCase_buildTest_default(options, local.onErrorThrow);","            local.testCase_buildCustomOrg_default(options, local.onErrorThrow);","            options = [];","            local.buildApp(options, onError);","        };","","        local.testCase_buildCustomOrg_default = local.testCase_buildCustomOrg_default ||","            function (options, onError) {","            /*","             * this function will test buildCustomOrg's default handling-behavior","             */","                options = {};","                local.buildCustomOrg(options, onError);","            };","","        local.testCase_buildLib_default = local.testCase_buildLib_default || function (","            options,","            onError","        ) {","        /*","         * this function will test buildLib's default handling-behavior","         */","            options = {};","            local.buildLib(options, onError);","        };","","        local.testCase_buildReadme_default = local.testCase_buildReadme_default || function (","            options,","            onError","        ) {","        /*","         * this function will test buildReadme's default handling-behavior-behavior","         */","            options = {};","            local.buildReadme(options, onError);","        };","","        local.testCase_buildTest_default = local.testCase_buildTest_default || function (","            options,","            onError","        ) {","        /*","         * this function will test buildTest's default handling-behavior","         */","            options = {};","            local.buildTest(options, onError);","        };","","        local.testCase_webpage_default = local.testCase_webpage_default || function (","            options,","            onError","        ) {","        /*","         * this function will test webpage's default handling-behavior","         */","            options = { modeCoverageMerge: true, url: local.serverLocalHost + '?modeTest=1' };","            local.browserTest(options, onError);","        };","","        // run test-server","        local.testRunServer(local);","        break;","    }","}());",""],"l":{"12":2,"14":2,"19":2,"21":2,"23":2,"24":2,"25":2,"30":1,"37":2,"40":2,"43":1,"47":1,"50":1,"52":1,"55":2,"61":2,"62":2,"64":2,"70":1,"76":1,"82":2,"83":2,"85":2,"91":1,"98":1,"102":1,"105":1,"112":1,"119":1,"120":1,"123":1,"130":1,"131":1,"132":1,"133":1,"134":1,"135":1,"138":1,"143":2,"144":2,"147":1,"154":2,"155":2,"158":1,"165":2,"166":2,"169":1,"176":2,"177":2,"180":1,"187":1,"188":1,"192":1,"193":1}},"/home/travis/build/npmtest/node-npmtest-angular-resource/lib.npmtest_angular_resource.js":{"path":"/home/travis/build/npmtest/node-npmtest-angular-resource/lib.npmtest_angular_resource.js","s":{"1":2,"2":2,"3":2,"4":2,"5":2,"6":2,"7":2,"8":1,"9":2,"10":2,"11":2,"12":2,"13":1,"14":1,"15":1,"16":1},"b":{"1":[2,1,1,1],"2":[1,1,1,1],"3":[1,1],"4":[2,2],"5":[1,1]},"f":{"1":2,"2":2,"3":2},"fnMap":{"1":{"name":"(anonymous_1)","line":12,"loc":{"start":{"line":12,"column":1},"end":{"line":12,"column":13}}},"2":{"name":"(anonymous_2)","line":19,"loc":{"start":{"line":19,"column":5},"end":{"line":19,"column":17}}},"3":{"name":"(anonymous_3)","line":23,"loc":{"start":{"line":23,"column":24},"end":{"line":23,"column":36}}}},"statementMap":{"1":{"start":{"line":12,"column":0},"end":{"line":53,"column":5}},"2":{"start":{"line":14,"column":4},"end":{"line":14,"column":14}},"3":{"start":{"line":19,"column":4},"end":{"line":52,"column":9}},"4":{"start":{"line":21,"column":8},"end":{"line":21,"column":19}},"5":{"start":{"line":23,"column":8},"end":{"line":35,"column":13}},"6":{"start":{"line":24,"column":12},"end":{"line":34,"column":13}},"7":{"start":{"line":25,"column":16},"end":{"line":28,"column":30}},"8":{"start":{"line":30,"column":16},"end":{"line":33,"column":27}},"9":{"start":{"line":37,"column":8},"end":{"line":39,"column":21}},"10":{"start":{"line":41,"column":8},"end":{"line":41,"column":54}},"11":{"start":{"line":43,"column":8},"end":{"line":43,"column":61}},"12":{"start":{"line":45,"column":8},"end":{"line":51,"column":9}},"13":{"start":{"line":46,"column":12},"end":{"line":46,"column":67}},"14":{"start":{"line":48,"column":12},"end":{"line":48,"column":35}},"15":{"start":{"line":49,"column":12},"end":{"line":49,"column":49}},"16":{"start":{"line":50,"column":12},"end":{"line":50,"column":43}}},"branchMap":{"1":{"line":25,"type":"binary-expr","locations":[{"start":{"line":25,"column":23},"end":{"line":25,"column":62}},{"start":{"line":26,"column":20},"end":{"line":26,"column":70}},{"start":{"line":27,"column":20},"end":{"line":27,"column":71}},{"start":{"line":28,"column":20},"end":{"line":28,"column":29}}]},"2":{"line":30,"type":"binary-expr","locations":[{"start":{"line":30,"column":23},"end":{"line":30,"column":37}},{"start":{"line":31,"column":20},"end":{"line":31,"column":61}},{"start":{"line":32,"column":20},"end":{"line":32,"column":70}},{"start":{"line":33,"column":20},"end":{"line":33,"column":26}}]},"3":{"line":37,"type":"cond-expr","locations":[{"start":{"line":38,"column":14},"end":{"line":38,"column":20}},{"start":{"line":39,"column":14},"end":{"line":39,"column":20}}]},"4":{"line":41,"type":"binary-expr","locations":[{"start":{"line":41,"column":16},"end":{"line":41,"column":44}},{"start":{"line":41,"column":48},"end":{"line":41,"column":53}}]},"5":{"line":45,"type":"if","locations":[{"start":{"line":45,"column":8},"end":{"line":45,"column":8}},{"start":{"line":45,"column":8},"end":{"line":45,"column":8}}]}},"code":["/* istanbul instrument in package npmtest_angular_resource */","/*jslint","    bitwise: true,","    browser: true,","    maxerr: 8,","    maxlen: 96,","    node: true,","    nomen: true,","    regexp: true,","    stupid: true","*/","(function () {","    'use strict';","    var local;","","","","    // run shared js-env code - pre-init","    (function () {","        // init local","        local = {};","        // init modeJs","        local.modeJs = (function () {","            try {","                return typeof navigator.userAgent === 'string' &&","                    typeof document.querySelector('body') === 'object' &&","                    typeof XMLHttpRequest.prototype.open === 'function' &&","                    'browser';","            } catch (errorCaughtBrowser) {","                return module.exports &&","                    typeof process.versions.node === 'string' &&","                    typeof require('http').createServer === 'function' &&","                    'node';","            }","        }());","        // init global","        local.global = local.modeJs === 'browser'","            ? window","            : global;","        // init utility2_rollup","        local = local.global.utility2_rollup || local;","        // init lib","        local.local = local.npmtest_angular_resource = local;","        // init exports","        if (local.modeJs === 'browser') {","            local.global.utility2_npmtest_angular_resource = local;","        } else {","            module.exports = local;","            module.exports.__dirname = __dirname;","            module.exports.module = module;","        }","    }());","}());",""],"l":{"12":2,"14":2,"19":2,"21":2,"23":2,"24":2,"25":2,"30":1,"37":2,"41":2,"43":2,"45":2,"46":1,"48":1,"49":1,"50":1}},"/home/travis/build/npmtest/node-npmtest-angular-resource/example.js":{"path":"/home/travis/build/npmtest/node-npmtest-angular-resource/example.js","s":{"1":2,"2":2,"3":2,"4":2,"5":2,"6":2,"7":2,"8":1,"9":2,"10":2,"11":2,"12":2,"13":1,"14":2,"15":2,"16":2,"17":2,"18":2,"19":0,"20":2,"21":1,"22":1,"23":1,"24":1,"25":1,"26":0,"27":0,"28":1,"29":1,"30":2,"31":0,"32":0,"33":0,"34":1,"35":2,"36":2,"37":3,"38":3,"39":3,"40":3,"41":0,"42":3,"43":3,"44":3,"45":1,"46":3,"47":1,"48":1,"49":1,"50":1,"51":1,"52":1,"53":1,"54":1,"55":1,"56":1,"57":0,"58":1,"59":6,"60":6,"61":1,"62":2,"63":0,"64":2,"65":1,"66":1,"67":0,"68":0,"69":0,"70":0,"71":0,"72":0,"73":0,"74":0,"75":0,"76":0,"77":0,"78":0,"79":0,"80":0,"81":0,"82":0,"83":0},"b":{"1":[2,1,1,1],"2":[1,1,1,1],"3":[1,1],"4":[2,2],"5":[1,1],"6":[1,1],"7":[2,0],"8":[2,1,1,1,1,1],"9":[0,2,0],"10":[1,1],"11":[2,1,1],"12":[1,0],"13":[0,2],"14":[2,0,0,0,0,0,0],"15":[0,3],"16":[3,0],"17":[1,1],"18":[0,1],"19":[1,2,0,2],"20":[1,0],"21":[1,1],"22":[0,0],"23":[0,0],"24":[0,0],"25":[0,0],"26":[0,0],"27":[0,0],"28":[0,0]},"f":{"1":2,"2":2,"3":2,"4":2,"5":2,"6":2,"7":3,"8":3,"9":3,"10":1,"11":6,"12":0},"fnMap":{"1":{"name":"(anonymous_1)","line":26,"loc":{"start":{"line":26,"column":1},"end":{"line":26,"column":13}}},"2":{"name":"(anonymous_2)","line":33,"loc":{"start":{"line":33,"column":5},"end":{"line":33,"column":17}}},"3":{"name":"(anonymous_3)","line":37,"loc":{"start":{"line":37,"column":24},"end":{"line":37,"column":36}}},"4":{"name":"(anonymous_4)","line":69,"loc":{"start":{"line":69,"column":31},"end":{"line":69,"column":48}},"skip":true},"5":{"name":"(anonymous_5)","line":78,"loc":{"start":{"line":78,"column":26},"end":{"line":78,"column":45}},"skip":true},"6":{"name":"(anonymous_6)","line":123,"loc":{"start":{"line":123,"column":33},"end":{"line":123,"column":48}},"skip":true},"7":{"name":"(anonymous_7)","line":125,"loc":{"start":{"line":125,"column":27},"end":{"line":125,"column":39}},"skip":true},"8":{"name":"(anonymous_8)","line":133,"loc":{"start":{"line":133,"column":59},"end":{"line":133,"column":74}},"skip":true},"9":{"name":"(anonymous_9)","line":143,"loc":{"start":{"line":143,"column":45},"end":{"line":143,"column":62}},"skip":true},"10":{"name":"(anonymous_10)","line":144,"loc":{"start":{"line":144,"column":73},"end":{"line":144,"column":92}},"skip":true},"11":{"name":"(anonymous_11)","line":272,"loc":{"start":{"line":272,"column":51},"end":{"line":272,"column":77}},"skip":true},"12":{"name":"(anonymous_12)","line":315,"loc":{"start":{"line":315,"column":32},"end":{"line":315,"column":61}},"skip":true}},"statementMap":{"1":{"start":{"line":26,"column":0},"end":{"line":326,"column":5}},"2":{"start":{"line":28,"column":4},"end":{"line":28,"column":14}},"3":{"start":{"line":33,"column":4},"end":{"line":60,"column":9}},"4":{"start":{"line":35,"column":8},"end":{"line":35,"column":19}},"5":{"start":{"line":37,"column":8},"end":{"line":49,"column":13}},"6":{"start":{"line":38,"column":12},"end":{"line":48,"column":13}},"7":{"start":{"line":39,"column":16},"end":{"line":42,"column":30}},"8":{"start":{"line":44,"column":16},"end":{"line":47,"column":27}},"9":{"start":{"line":51,"column":8},"end":{"line":53,"column":21}},"10":{"start":{"line":55,"column":8},"end":{"line":57,"column":45}},"11":{"start":{"line":59,"column":8},"end":{"line":59,"column":35}},"12":{"start":{"line":61,"column":4},"end":{"line":325,"column":5}},"13":{"start":{"line":69,"column":8},"end":{"line":121,"column":10},"skip":true},"14":{"start":{"line":70,"column":12},"end":{"line":88,"column":13},"skip":true},"15":{"start":{"line":76,"column":16},"end":{"line":87,"column":19},"skip":true},"16":{"start":{"line":79,"column":20},"end":{"line":86,"column":21},"skip":true},"17":{"start":{"line":82,"column":24},"end":{"line":82,"column":43},"skip":true},"18":{"start":{"line":83,"column":24},"end":{"line":83,"column":30},"skip":true},"19":{"start":{"line":85,"column":24},"end":{"line":85,"column":49},"skip":true},"20":{"start":{"line":89,"column":12},"end":{"line":107,"column":13},"skip":true},"21":{"start":{"line":92,"column":16},"end":{"line":102,"column":17},"skip":true},"22":{"start":{"line":93,"column":20},"end":{"line":93,"column":86},"skip":true},"23":{"start":{"line":94,"column":20},"end":{"line":95,"column":45},"skip":true},"24":{"start":{"line":96,"column":20},"end":{"line":96,"column":42},"skip":true},"25":{"start":{"line":97,"column":20},"end":{"line":97,"column":48},"skip":true},"26":{"start":{"line":100,"column":20},"end":{"line":100,"column":85},"skip":true},"27":{"start":{"line":101,"column":20},"end":{"line":101,"column":96},"skip":true},"28":{"start":{"line":103,"column":16},"end":{"line":103,"column":22},"skip":true},"29":{"start":{"line":106,"column":16},"end":{"line":106,"column":22},"skip":true},"30":{"start":{"line":108,"column":12},"end":{"line":120,"column":13},"skip":true},"31":{"start":{"line":114,"column":16},"end":{"line":119,"column":17},"skip":true},"32":{"start":{"line":116,"column":20},"end":{"line":116,"column":78},"skip":true},"33":{"start":{"line":118,"column":20},"end":{"line":118,"column":47},"skip":true},"34":{"start":{"line":123,"column":8},"end":{"line":141,"column":11},"skip":true},"35":{"start":{"line":124,"column":12},"end":{"line":124,"column":54},"skip":true},"36":{"start":{"line":125,"column":12},"end":{"line":140,"column":14},"skip":true},"37":{"start":{"line":126,"column":16},"end":{"line":126,"column":28},"skip":true},"38":{"start":{"line":127,"column":16},"end":{"line":127,"column":69},"skip":true},"39":{"start":{"line":128,"column":16},"end":{"line":128,"column":75},"skip":true},"40":{"start":{"line":129,"column":16},"end":{"line":131,"column":17},"skip":true},"41":{"start":{"line":130,"column":20},"end":{"line":130,"column":27},"skip":true},"42":{"start":{"line":133,"column":16},"end":{"line":137,"column":36},"skip":true},"43":{"start":{"line":134,"column":20},"end":{"line":136,"column":55},"skip":true},"44":{"start":{"line":139,"column":16},"end":{"line":139,"column":57},"skip":true},"45":{"start":{"line":143,"column":8},"end":{"line":147,"column":11},"skip":true},"46":{"start":{"line":144,"column":12},"end":{"line":146,"column":15},"skip":true},"47":{"start":{"line":145,"column":16},"end":{"line":145,"column":70},"skip":true},"48":{"start":{"line":149,"column":8},"end":{"line":149,"column":31},"skip":true},"49":{"start":{"line":150,"column":8},"end":{"line":150,"column":14},"skip":true},"50":{"start":{"line":158,"column":8},"end":{"line":158,"column":31},"skip":true},"51":{"start":{"line":160,"column":8},"end":{"line":160,"column":33},"skip":true},"52":{"start":{"line":161,"column":8},"end":{"line":161,"column":37},"skip":true},"53":{"start":{"line":162,"column":8},"end":{"line":162,"column":35},"skip":true},"54":{"start":{"line":164,"column":8},"end":{"line":164,"column":50},"skip":true},"55":{"start":{"line":166,"column":8},"end":{"line":256,"column":2},"skip":true},"56":{"start":{"line":258,"column":8},"end":{"line":286,"column":9},"skip":true},"57":{"start":{"line":259,"column":12},"end":{"line":269,"column":14},"skip":true},"58":{"start":{"line":271,"column":12},"end":{"line":285,"column":19},"skip":true},"59":{"start":{"line":274,"column":20},"end":{"line":274,"column":35},"skip":true},"60":{"start":{"line":275,"column":20},"end":{"line":284,"column":21},"skip":true},"61":{"start":{"line":277,"column":24},"end":{"line":277,"column":64},"skip":true},"62":{"start":{"line":279,"column":24},"end":{"line":279,"column":40},"skip":true},"63":{"start":{"line":281,"column":24},"end":{"line":281,"column":40},"skip":true},"64":{"start":{"line":283,"column":24},"end":{"line":283,"column":39},"skip":true},"65":{"start":{"line":288,"column":8},"end":{"line":290,"column":9},"skip":true},"66":{"start":{"line":289,"column":12},"end":{"line":289,"column":18},"skip":true},"67":{"start":{"line":291,"column":8},"end":{"line":293,"column":54},"skip":true},"68":{"start":{"line":296,"column":8},"end":{"line":301,"column":37},"skip":true},"69":{"start":{"line":303,"column":8},"end":{"line":303,"column":82},"skip":true},"70":{"start":{"line":306,"column":8},"end":{"line":308,"column":9},"skip":true},"71":{"start":{"line":307,"column":12},"end":{"line":307,"column":82},"skip":true},"72":{"start":{"line":310,"column":8},"end":{"line":312,"column":9},"skip":true},"73":{"start":{"line":311,"column":12},"end":{"line":311,"column":18},"skip":true},"74":{"start":{"line":313,"column":8},"end":{"line":313,"column":54},"skip":true},"75":{"start":{"line":314,"column":8},"end":{"line":314,"column":69},"skip":true},"76":{"start":{"line":315,"column":8},"end":{"line":323,"column":36},"skip":true},"77":{"start":{"line":316,"column":12},"end":{"line":316,"column":61},"skip":true},"78":{"start":{"line":317,"column":12},"end":{"line":320,"column":13},"skip":true},"79":{"start":{"line":318,"column":16},"end":{"line":318,"column":75},"skip":true},"80":{"start":{"line":319,"column":16},"end":{"line":319,"column":23},"skip":true},"81":{"start":{"line":321,"column":12},"end":{"line":321,"column":38},"skip":true},"82":{"start":{"line":322,"column":12},"end":{"line":322,"column":27},"skip":true},"83":{"start":{"line":324,"column":8},"end":{"line":324,"column":14},"skip":true}},"branchMap":{"1":{"line":39,"type":"binary-expr","locations":[{"start":{"line":39,"column":23},"end":{"line":39,"column":62}},{"start":{"line":40,"column":20},"end":{"line":40,"column":70}},{"start":{"line":41,"column":20},"end":{"line":41,"column":71}},{"start":{"line":42,"column":20},"end":{"line":42,"column":29}}]},"2":{"line":44,"type":"binary-expr","locations":[{"start":{"line":44,"column":23},"end":{"line":44,"column":37}},{"start":{"line":45,"column":20},"end":{"line":45,"column":61}},{"start":{"line":46,"column":20},"end":{"line":46,"column":70}},{"start":{"line":47,"column":20},"end":{"line":47,"column":26}}]},"3":{"line":51,"type":"cond-expr","locations":[{"start":{"line":52,"column":14},"end":{"line":52,"column":20}},{"start":{"line":53,"column":14},"end":{"line":53,"column":20}}]},"4":{"line":55,"type":"binary-expr","locations":[{"start":{"line":55,"column":16},"end":{"line":55,"column":44}},{"start":{"line":55,"column":49},"end":{"line":57,"column":43}}]},"5":{"line":55,"type":"cond-expr","locations":[{"start":{"line":56,"column":14},"end":{"line":56,"column":60}},{"start":{"line":57,"column":14},"end":{"line":57,"column":43}}]},"6":{"line":61,"type":"switch","locations":[{"start":{"line":68,"column":4},"end":{"line":150,"column":14},"skip":true},{"start":{"line":156,"column":4},"end":{"line":324,"column":14},"skip":true}]},"7":{"line":70,"type":"if","locations":[{"start":{"line":70,"column":12},"end":{"line":70,"column":12},"skip":true},{"start":{"line":70,"column":12},"end":{"line":70,"column":12},"skip":true}]},"8":{"line":70,"type":"binary-expr","locations":[{"start":{"line":70,"column":16},"end":{"line":70,"column":22},"skip":true},{"start":{"line":70,"column":27},"end":{"line":70,"column":32},"skip":true},{"start":{"line":71,"column":20},"end":{"line":71,"column":39},"skip":true},{"start":{"line":72,"column":20},"end":{"line":72,"column":49},"skip":true},{"start":{"line":73,"column":20},"end":{"line":73,"column":58},"skip":true},{"start":{"line":74,"column":20},"end":{"line":74,"column":69},"skip":true}]},"9":{"line":79,"type":"switch","locations":[{"start":{"line":80,"column":20},"end":{"line":80,"column":33},"skip":true},{"start":{"line":81,"column":20},"end":{"line":83,"column":30},"skip":true},{"start":{"line":84,"column":20},"end":{"line":85,"column":49},"skip":true}]},"10":{"line":89,"type":"switch","locations":[{"start":{"line":90,"column":12},"end":{"line":103,"column":22},"skip":true},{"start":{"line":105,"column":12},"end":{"line":106,"column":22},"skip":true}]},"11":{"line":89,"type":"binary-expr","locations":[{"start":{"line":89,"column":20},"end":{"line":89,"column":25},"skip":true},{"start":{"line":89,"column":29},"end":{"line":89,"column":48},"skip":true},{"start":{"line":89,"column":52},"end":{"line":89,"column":74},"skip":true}]},"12":{"line":92,"type":"if","locations":[{"start":{"line":92,"column":16},"end":{"line":92,"column":16},"skip":true},{"start":{"line":92,"column":16},"end":{"line":92,"column":16},"skip":true}]},"13":{"line":108,"type":"if","locations":[{"start":{"line":108,"column":12},"end":{"line":108,"column":12},"skip":true},{"start":{"line":108,"column":12},"end":{"line":108,"column":12},"skip":true}]},"14":{"line":108,"type":"binary-expr","locations":[{"start":{"line":108,"column":16},"end":{"line":108,"column":61},"skip":true},{"start":{"line":108,"column":66},"end":{"line":108,"column":72},"skip":true},{"start":{"line":108,"column":77},"end":{"line":108,"column":82},"skip":true},{"start":{"line":109,"column":20},"end":{"line":109,"column":39},"skip":true},{"start":{"line":110,"column":20},"end":{"line":110,"column":49},"skip":true},{"start":{"line":111,"column":20},"end":{"line":111,"column":58},"skip":true},{"start":{"line":112,"column":20},"end":{"line":112,"column":68},"skip":true}]},"15":{"line":129,"type":"if","locations":[{"start":{"line":129,"column":16},"end":{"line":129,"column":16},"skip":true},{"start":{"line":129,"column":16},"end":{"line":129,"column":16},"skip":true}]},"16":{"line":134,"type":"cond-expr","locations":[{"start":{"line":135,"column":26},"end":{"line":135,"column":29},"skip":true},{"start":{"line":136,"column":26},"end":{"line":136,"column":54},"skip":true}]},"17":{"line":164,"type":"binary-expr","locations":[{"start":{"line":164,"column":27},"end":{"line":164,"column":43},"skip":true},{"start":{"line":164,"column":47},"end":{"line":164,"column":49},"skip":true}]},"18":{"line":258,"type":"if","locations":[{"start":{"line":258,"column":8},"end":{"line":258,"column":8},"skip":true},{"start":{"line":258,"column":8},"end":{"line":258,"column":8},"skip":true}]},"19":{"line":275,"type":"switch","locations":[{"start":{"line":276,"column":20},"end":{"line":277,"column":64},"skip":true},{"start":{"line":278,"column":20},"end":{"line":279,"column":40},"skip":true},{"start":{"line":280,"column":20},"end":{"line":281,"column":40},"skip":true},{"start":{"line":282,"column":20},"end":{"line":283,"column":39},"skip":true}]},"20":{"line":288,"type":"if","locations":[{"start":{"line":288,"column":8},"end":{"line":288,"column":8},"skip":true},{"start":{"line":288,"column":8},"end":{"line":288,"column":8},"skip":true}]},"21":{"line":288,"type":"binary-expr","locations":[{"start":{"line":288,"column":12},"end":{"line":288,"column":40},"skip":true},{"start":{"line":288,"column":44},"end":{"line":288,"column":67},"skip":true}]},"22":{"line":292,"type":"binary-expr","locations":[{"start":{"line":292,"column":12},"end":{"line":292,"column":50},"skip":true},{"start":{"line":293,"column":12},"end":{"line":293,"column":53},"skip":true}]},"23":{"line":297,"type":"binary-expr","locations":[{"start":{"line":297,"column":12},"end":{"line":297,"column":74},"skip":true},{"start":{"line":298,"column":12},"end":{"line":301,"column":36},"skip":true}]},"24":{"line":303,"type":"binary-expr","locations":[{"start":{"line":303,"column":43},"end":{"line":303,"column":75},"skip":true},{"start":{"line":303,"column":79},"end":{"line":303,"column":81},"skip":true}]},"25":{"line":306,"type":"if","locations":[{"start":{"line":306,"column":8},"end":{"line":306,"column":8},"skip":true},{"start":{"line":306,"column":8},"end":{"line":306,"column":8},"skip":true}]},"26":{"line":310,"type":"if","locations":[{"start":{"line":310,"column":8},"end":{"line":310,"column":8},"skip":true},{"start":{"line":310,"column":8},"end":{"line":310,"column":8},"skip":true}]},"27":{"line":313,"type":"binary-expr","locations":[{"start":{"line":313,"column":27},"end":{"line":313,"column":43},"skip":true},{"start":{"line":313,"column":47},"end":{"line":313,"column":53},"skip":true}]},"28":{"line":317,"type":"if","locations":[{"start":{"line":317,"column":12},"end":{"line":317,"column":12},"skip":true},{"start":{"line":317,"column":12},"end":{"line":317,"column":12},"skip":true}]}},"code":["/*","example.js","","quickstart example","","instruction","    1. save this script as example.js","    2. run the shell command:","        $ npm install npmtest-angular-resource && PORT=8081 node example.js","    3. play with the browser-demo on http://127.0.0.1:8081","*/","","","","/* istanbul instrument in package npmtest_angular_resource */","/*jslint","    bitwise: true,","    browser: true,","    maxerr: 8,","    maxlen: 96,","    node: true,","    nomen: true,","    regexp: true,","    stupid: true","*/","(function () {","    'use strict';","    var local;","","","","    // run shared js-env code - pre-init","    (function () {","        // init local","        local = {};","        // init modeJs","        local.modeJs = (function () {","            try {","                return typeof navigator.userAgent === 'string' &&","                    typeof document.querySelector('body') === 'object' &&","                    typeof XMLHttpRequest.prototype.open === 'function' &&","                    'browser';","            } catch (errorCaughtBrowser) {","                return module.exports &&","                    typeof process.versions.node === 'string' &&","                    typeof require('http').createServer === 'function' &&","                    'node';","            }","        }());","        // init global","        local.global = local.modeJs === 'browser'","            ? window","            : global;","        // init utility2_rollup","        local = local.global.utility2_rollup || (local.modeJs === 'browser'","            ? local.global.utility2_npmtest_angular_resource","            : global.utility2_moduleExports);","        // export local","        local.global.local = local;","    }());","    switch (local.modeJs) {","","","","    // post-init","    // run browser js-env code - post-init","    /* istanbul ignore next */","    case 'browser':","        local.testRunBrowser = function (event) {","            if (!event || (event &&","                    event.currentTarget &&","                    event.currentTarget.className &&","                    event.currentTarget.className.includes &&","                    event.currentTarget.className.includes('onreset'))) {","                // reset output","                Array.from(","                    document.querySelectorAll('body > .resettable')","                ).forEach(function (element) {","                    switch (element.tagName) {","                    case 'INPUT':","                    case 'TEXTAREA':","                        element.value = '';","                        break;","                    default:","                        element.textContent = '';","                    }","                });","            }","            switch (event && event.currentTarget && event.currentTarget.id) {","            case 'testRunButton1':","                // show tests","                if (document.querySelector('#testReportDiv1').style.display === 'none') {","                    document.querySelector('#testReportDiv1').style.display = 'block';","                    document.querySelector('#testRunButton1').textContent =","                        'hide internal test';","                    local.modeTest = true;","                    local.testRunDefault(local);","                // hide tests","                } else {","                    document.querySelector('#testReportDiv1').style.display = 'none';","                    document.querySelector('#testRunButton1').textContent = 'run internal test';","                }","                break;","            // custom-case","            default:","                break;","            }","            if (document.querySelector('#inputTextareaEval1') && (!event || (event &&","                    event.currentTarget &&","                    event.currentTarget.className &&","                    event.currentTarget.className.includes &&","                    event.currentTarget.className.includes('oneval')))) {","                // try to eval input-code","                try {","                    /*jslint evil: true*/","                    eval(document.querySelector('#inputTextareaEval1').value);","                } catch (errorCaught) {","                    console.error(errorCaught);","                }","            }","        };","        // log stderr and stdout to #outputTextareaStdout1","        ['error', 'log'].forEach(function (key) {","            console[key + '_original'] = console[key];","            console[key] = function () {","                var element;","                console[key + '_original'].apply(console, arguments);","                element = document.querySelector('#outputTextareaStdout1');","                if (!element) {","                    return;","                }","                // append text to #outputTextareaStdout1","                element.value += Array.from(arguments).map(function (arg) {","                    return typeof arg === 'string'","                        ? arg","                        : JSON.stringify(arg, null, 4);","                }).join(' ') + '\\n';","                // scroll textarea to bottom","                element.scrollTop = element.scrollHeight;","            };","        });","        // init event-handling","        ['change', 'click', 'keyup'].forEach(function (event) {","            Array.from(document.querySelectorAll('.on' + event)).forEach(function (element) {","                element.addEventListener(event, local.testRunBrowser);","            });","        });","        // run tests","        local.testRunBrowser();","        break;","","","","    // run node js-env code - post-init","    /* istanbul ignore next */","    case 'node':","        // export local","        module.exports = local;","        // require modules","        local.fs = require('fs');","        local.http = require('http');","        local.url = require('url');","        // init assets","        local.assetsDict = local.assetsDict || {};","        /* jslint-ignore-begin */","        local.assetsDict['/assets.index.template.html'] = '\\","<!doctype html>\\n\\","<html lang=\"en\">\\n\\","<head>\\n\\","<meta charset=\"UTF-8\">\\n\\","<meta name=\"viewport\" content=\"width=device-width, initial-scale=1\">\\n\\","<title>{{env.npm_package_name}} (v{{env.npm_package_version}})</title>\\n\\","<style>\\n\\","/*csslint\\n\\","    box-sizing: false,\\n\\","    universal-selector: false\\n\\","*/\\n\\","* {\\n\\","    box-sizing: border-box;\\n\\","}\\n\\","body {\\n\\","    background: #dde;\\n\\","    font-family: Arial, Helvetica, sans-serif;\\n\\","    margin: 2rem;\\n\\","}\\n\\","body > * {\\n\\","    margin-bottom: 1rem;\\n\\","}\\n\\",".utility2FooterDiv {\\n\\","    margin-top: 20px;\\n\\","    text-align: center;\\n\\","}\\n\\","</style>\\n\\","<style>\\n\\","/*csslint\\n\\","*/\\n\\","textarea {\\n\\","    font-family: monospace;\\n\\","    height: 10rem;\\n\\","    width: 100%;\\n\\","}\\n\\","textarea[readonly] {\\n\\","    background: #ddd;\\n\\","}\\n\\","</style>\\n\\","</head>\\n\\","<body>\\n\\","<!-- utility2-comment\\n\\","<div id=\"ajaxProgressDiv1\" style=\"background: #d00; height: 2px; left: 0; margin: 0; padding: 0; position: fixed; top: 0; transition: background 0.5s, width 1.5s; width: 25%;\"></div>\\n\\","utility2-comment -->\\n\\","<h1>\\n\\","<!-- utility2-comment\\n\\","    <a\\n\\","        {{#if env.npm_package_homepage}}\\n\\","        href=\"{{env.npm_package_homepage}}\"\\n\\","        {{/if env.npm_package_homepage}}\\n\\","        target=\"_blank\"\\n\\","    >\\n\\","utility2-comment -->\\n\\","        {{env.npm_package_name}} (v{{env.npm_package_version}})\\n\\","<!-- utility2-comment\\n\\","    </a>\\n\\","utility2-comment -->\\n\\","</h1>\\n\\","<h3>{{env.npm_package_description}}</h3>\\n\\","<!-- utility2-comment\\n\\","<h4><a download href=\"assets.app.js\">download standalone app</a></h4>\\n\\","<button class=\"onclick onreset\" id=\"testRunButton1\">run internal test</button><br>\\n\\","<div id=\"testReportDiv1\" style=\"display: none;\"></div>\\n\\","utility2-comment -->\\n\\","\\n\\","\\n\\","\\n\\","<label>stderr and stdout</label>\\n\\","<textarea class=\"resettable\" id=\"outputTextareaStdout1\" readonly></textarea>\\n\\","<!-- utility2-comment\\n\\","{{#if isRollup}}\\n\\","<script src=\"assets.app.js\"></script>\\n\\","{{#unless isRollup}}\\n\\","utility2-comment -->\\n\\","<script src=\"assets.utility2.rollup.js\"></script>\\n\\","<script src=\"jsonp.utility2._stateInit?callback=window.utility2._stateInit\"></script>\\n\\","<script src=\"assets.npmtest_angular_resource.rollup.js\"></script>\\n\\","<script src=\"assets.example.js\"></script>\\n\\","<script src=\"assets.test.js\"></script>\\n\\","<!-- utility2-comment\\n\\","{{/if isRollup}}\\n\\","utility2-comment -->\\n\\","<div class=\"utility2FooterDiv\">\\n\\","    [ this app was created with\\n\\","    <a href=\"https://github.com/kaizhu256/node-utility2\" target=\"_blank\">utility2</a>\\n\\","    ]\\n\\","</div>\\n\\","</body>\\n\\","</html>\\n\\","';","        /* jslint-ignore-end */","        if (local.templateRender) {","            local.assetsDict['/'] = local.templateRender(","                local.assetsDict['/assets.index.template.html'],","                {","                    env: local.objectSetDefault(local.env, {","                        npm_package_description: 'the greatest app in the world!',","                        npm_package_name: 'my-app',","                        npm_package_nameAlias: 'my_app',","                        npm_package_version: '0.0.1'","                    })","                }","            );","        } else {","            local.assetsDict['/'] = local.assetsDict['/assets.index.template.html']","                .replace((/\\{\\{env\\.(\\w+?)\\}\\}/g), function (match0, match1) {","                    // jslint-hack","                    String(match0);","                    switch (match1) {","                    case 'npm_package_description':","                        return 'the greatest app in the world!';","                    case 'npm_package_name':","                        return 'my-app';","                    case 'npm_package_nameAlias':","                        return 'my_app';","                    case 'npm_package_version':","                        return '0.0.1';","                    }","                });","        }","        // run the cli","        if (local.global.utility2_rollup || module !== require.main) {","            break;","        }","        local.assetsDict['/assets.example.js'] =","            local.assetsDict['/assets.example.js'] ||","            local.fs.readFileSync(__filename, 'utf8');","        // bug-workaround - long $npm_package_buildCustomOrg","        /* jslint-ignore-begin */","        local.assetsDict['/assets.npmtest_angular_resource.rollup.js'] =","            local.assetsDict['/assets.npmtest_angular_resource.rollup.js'] ||","            local.fs.readFileSync(","                local.npmtest_angular_resource.__dirname + '/lib.npmtest_angular_resource.js',","                'utf8'","            ).replace((/^#!/), '//');","        /* jslint-ignore-end */","        local.assetsDict['/favicon.ico'] = local.assetsDict['/favicon.ico'] || '';","        // if $npm_config_timeout_exit exists,","        // then exit this process after $npm_config_timeout_exit ms","        if (Number(process.env.npm_config_timeout_exit)) {","            setTimeout(process.exit, Number(process.env.npm_config_timeout_exit));","        }","        // start server","        if (local.global.utility2_serverHttp1) {","            break;","        }","        process.env.PORT = process.env.PORT || '8081';","        console.error('server starting on port ' + process.env.PORT);","        local.http.createServer(function (request, response) {","            request.urlParsed = local.url.parse(request.url);","            if (local.assetsDict[request.urlParsed.pathname] !== undefined) {","                response.end(local.assetsDict[request.urlParsed.pathname]);","                return;","            }","            response.statusCode = 404;","            response.end();","        }).listen(process.env.PORT);","        break;","    }","}());",""],"l":{"26":2,"28":2,"33":2,"35":2,"37":2,"38":2,"39":2,"44":1,"51":2,"55":2,"59":2,"61":2,"69":1,"70":2,"76":2,"79":2,"82":2,"83":2,"85":1,"89":2,"92":1,"93":1,"94":1,"96":1,"97":1,"100":1,"101":1,"103":1,"106":1,"108":2,"114":1,"116":1,"118":1,"123":1,"124":2,"125":2,"126":3,"127":3,"128":3,"129":3,"130":1,"133":3,"134":3,"139":3,"143":1,"144":3,"145":1,"149":1,"150":1,"158":1,"160":1,"161":1,"162":1,"164":1,"166":1,"258":1,"259":1,"271":1,"274":6,"275":6,"277":1,"279":2,"281":1,"283":2,"288":1,"289":1,"291":1,"296":1,"303":1,"306":1,"307":1,"310":1,"311":1,"313":1,"314":1,"315":1,"316":1,"317":1,"318":1,"319":1,"321":1,"322":1,"324":1}},"/home/travis/build/npmtest/node-npmtest-angular-resource/node_modules/angular-resource/index.js":{"path":"/home/travis/build/npmtest/node-npmtest-angular-resource/node_modules/angular-resource/index.js","s":{"1":2,"2":0},"b":{},"f":{},"fnMap":{},"statementMap":{"1":{"start":{"line":1,"column":0},"end":{"line":1,"column":30}},"2":{"start":{"line":2,"column":0},"end":{"line":2,"column":30}}},"branchMap":{},"code":["require('./angular-resource');","module.exports = 'ngResource';",""],"l":{"1":2,"2":0}},"/home/travis/build/npmtest/node-npmtest-angular-resource/node_modules/angular-resource/angular-resource.js":{"path":"/home/travis/build/npmtest/node-npmtest-angular-resource/node_modules/angular-resource/angular-resource.js","s":{"1":4,"2":0,"3":0,"4":1,"5":0,"6":1,"7":0,"8":0,"9":0,"10":0,"11":0,"12":0,"13":0,"14":1,"15":0,"16":0,"17":0,"18":0,"19":0,"20":0,"21":0,"22":0,"23":0,"24":0,"25":0,"26":0,"27":0,"28":1,"29":0,"30":0,"31":0,"32":0,"33":0,"34":0,"35":0,"36":0,"37":0,"38":0,"39":0,"40":0,"41":0,"42":0,"43":0,"44":0,"45":0,"46":0,"47":0,"48":0,"49":0,"50":0,"51":0,"52":0,"53":0,"54":0,"55":0,"56":0,"57":0,"58":0,"59":0,"60":0,"61":0,"62":0,"63":0,"64":0,"65":1,"66":0,"67":0,"68":1,"69":0,"70":0,"71":0,"72":0,"73":0,"74":0,"75":0,"76":1,"77":0,"78":1,"79":0,"80":0,"81":0,"82":0,"83":0,"84":0,"85":0,"86":0,"87":0,"88":0,"89":0,"90":0,"91":0,"92":0,"93":0,"94":0,"95":0,"96":0,"97":0,"98":0,"99":0,"100":0,"101":0,"102":0,"103":0,"104":0,"105":0,"106":0,"107":0,"108":0,"109":0,"110":0,"111":0,"112":0,"113":0,"114":0,"115":0,"116":0,"117":0,"118":0,"119":0,"120":0,"121":0,"122":0,"123":0,"124":0,"125":0,"126":0,"127":0,"128":0,"129":0,"130":0,"131":0,"132":0,"133":0,"134":0,"135":0,"136":0,"137":0,"138":0,"139":0,"140":0,"141":0,"142":0,"143":0,"144":0,"145":0,"146":0,"147":0,"148":0,"149":0,"150":0,"151":0,"152":0,"153":0,"154":0,"155":0,"156":0,"157":0,"158":0,"159":0,"160":0,"161":0,"162":0,"163":0,"164":0,"165":0,"166":0,"167":0,"168":0,"169":0,"170":0,"171":0,"172":0,"173":0,"174":0,"175":0,"176":0,"177":0,"178":1,"179":0,"180":0,"181":0,"182":0,"183":0,"184":0,"185":0,"186":0,"187":0,"188":0,"189":0,"190":0,"191":0,"192":0},"b":{"1":[0,0,0,0],"2":[0,0],"3":[0,0],"4":[0,0],"5":[0,0],"6":[0,0],"7":[0,0],"8":[0,0],"9":[0,0],"10":[0,0],"11":[0,0],"12":[0,0,0],"13":[0,0],"14":[0,0],"15":[0,0],"16":[0,0],"17":[0,0],"18":[0,0],"19":[0,0],"20":[0,0],"21":[0,0],"22":[0,0],"23":[0,0],"24":[0,0],"25":[0,0,0],"26":[0,0],"27":[0,0,0],"28":[0,0],"29":[0,0],"30":[0,0],"31":[0,0,0,0,0,0],"32":[0,0],"33":[0,0],"34":[0,0],"35":[0,0],"36":[0,0],"37":[0,0],"38":[0,0,0],"39":[0,0,0],"40":[0,0,0,0,0],"41":[0,0],"42":[0,0],"43":[0,0],"44":[0,0],"45":[0,0],"46":[0,0],"47":[0,0],"48":[0,0],"49":[0,0],"50":[0,0],"51":[0,0],"52":[0,0],"53":[0,0],"54":[0,0],"55":[0,0],"56":[0,0],"57":[0,0],"58":[0,0],"59":[0,0],"60":[0,0],"61":[0,0],"62":[0,0],"63":[0,0],"64":[0,0]},"f":{"1":0,"2":0,"3":0,"4":0,"5":0,"6":0,"7":0,"8":0,"9":0,"10":0,"11":0,"12":0,"13":0,"14":0,"15":0,"16":0,"17":0,"18":0,"19":0,"20":0,"21":0,"22":0,"23":0,"24":0,"25":0,"26":0,"27":0,"28":0,"29":0,"30":0,"31":0,"32":0},"fnMap":{"1":{"name":"(anonymous_1)","line":6,"loc":{"start":{"line":6,"column":1},"end":{"line":6,"column":27}}},"2":{"name":"isValidDottedPath","line":15,"loc":{"start":{"line":15,"column":0},"end":{"line":15,"column":33}}},"3":{"name":"lookupDottedPath","line":20,"loc":{"start":{"line":20,"column":0},"end":{"line":20,"column":37}}},"4":{"name":"shallowClearAndCopy","line":35,"loc":{"start":{"line":35,"column":0},"end":{"line":35,"column":39}}},"5":{"name":"(anonymous_5)","line":38,"loc":{"start":{"line":38,"column":23},"end":{"line":38,"column":44}}},"6":{"name":"ResourceProvider","line":446,"loc":{"start":{"line":446,"column":24},"end":{"line":446,"column":52}}},"7":{"name":"(anonymous_7)","line":533,"loc":{"start":{"line":533,"column":52},"end":{"line":533,"column":88}}},"8":{"name":"Route","line":546,"loc":{"start":{"line":546,"column":6},"end":{"line":546,"column":41}}},"9":{"name":"(anonymous_9)","line":553,"loc":{"start":{"line":553,"column":22},"end":{"line":553,"column":58}}},"10":{"name":"(anonymous_10)","line":561,"loc":{"start":{"line":561,"column":35},"end":{"line":561,"column":51}}},"11":{"name":"(anonymous_11)","line":573,"loc":{"start":{"line":573,"column":53},"end":{"line":573,"column":69}}},"12":{"name":"(anonymous_12)","line":579,"loc":{"start":{"line":579,"column":34},"end":{"line":579,"column":64}}},"13":{"name":"(anonymous_13)","line":587,"loc":{"start":{"line":587,"column":77},"end":{"line":587,"column":97}}},"14":{"name":"(anonymous_14)","line":591,"loc":{"start":{"line":591,"column":81},"end":{"line":592,"column":40}}},"15":{"name":"(anonymous_15)","line":616,"loc":{"start":{"line":616,"column":26},"end":{"line":616,"column":47}}},"16":{"name":"resourceFactory","line":626,"loc":{"start":{"line":626,"column":6},"end":{"line":626,"column":69}}},"17":{"name":"extractParams","line":631,"loc":{"start":{"line":631,"column":8},"end":{"line":631,"column":51}}},"18":{"name":"(anonymous_18)","line":634,"loc":{"start":{"line":634,"column":32},"end":{"line":634,"column":53}}},"19":{"name":"defaultResponseInterceptor","line":642,"loc":{"start":{"line":642,"column":8},"end":{"line":642,"column":54}}},"20":{"name":"Resource","line":646,"loc":{"start":{"line":646,"column":8},"end":{"line":646,"column":33}}},"21":{"name":"(anonymous_21)","line":650,"loc":{"start":{"line":650,"column":36},"end":{"line":650,"column":47}}},"22":{"name":"(anonymous_22)","line":658,"loc":{"start":{"line":658,"column":25},"end":{"line":658,"column":48}}},"23":{"name":"(anonymous_23)","line":674,"loc":{"start":{"line":674,"column":27},"end":{"line":674,"column":52}}},"24":{"name":"(anonymous_24)","line":725,"loc":{"start":{"line":725,"column":28},"end":{"line":725,"column":49}}},"25":{"name":"(anonymous_25)","line":752,"loc":{"start":{"line":752,"column":49},"end":{"line":752,"column":68}}},"26":{"name":"(anonymous_26)","line":765,"loc":{"start":{"line":765,"column":32},"end":{"line":765,"column":47}}},"27":{"name":"(anonymous_27)","line":786,"loc":{"start":{"line":786,"column":41},"end":{"line":786,"column":52}}},"28":{"name":"(anonymous_28)","line":796,"loc":{"start":{"line":796,"column":14},"end":{"line":796,"column":33}}},"29":{"name":"(anonymous_29)","line":802,"loc":{"start":{"line":802,"column":16},"end":{"line":802,"column":35}}},"30":{"name":"cancelRequest","line":829,"loc":{"start":{"line":829,"column":12},"end":{"line":829,"column":42}}},"31":{"name":"(anonymous_31)","line":836,"loc":{"start":{"line":836,"column":43},"end":{"line":836,"column":76}}},"32":{"name":"(anonymous_32)","line":845,"loc":{"start":{"line":845,"column":24},"end":{"line":845,"column":58}}}},"statementMap":{"1":{"start":{"line":6,"column":0},"end":{"line":858,"column":27}},"2":{"start":{"line":8,"column":0},"end":{"line":8,"column":52}},"3":{"start":{"line":13,"column":0},"end":{"line":13,"column":60}},"4":{"start":{"line":15,"column":0},"end":{"line":18,"column":1}},"5":{"start":{"line":16,"column":2},"end":{"line":17,"column":42}},"6":{"start":{"line":20,"column":0},"end":{"line":30,"column":1}},"7":{"start":{"line":21,"column":2},"end":{"line":23,"column":3}},"8":{"start":{"line":22,"column":4},"end":{"line":22,"column":86}},"9":{"start":{"line":24,"column":2},"end":{"line":24,"column":29}},"10":{"start":{"line":25,"column":2},"end":{"line":28,"column":3}},"11":{"start":{"line":26,"column":4},"end":{"line":26,"column":22}},"12":{"start":{"line":27,"column":4},"end":{"line":27,"column":48}},"13":{"start":{"line":29,"column":2},"end":{"line":29,"column":13}},"14":{"start":{"line":35,"column":0},"end":{"line":49,"column":1}},"15":{"start":{"line":36,"column":2},"end":{"line":36,"column":18}},"16":{"start":{"line":38,"column":2},"end":{"line":40,"column":5}},"17":{"start":{"line":39,"column":4},"end":{"line":39,"column":20}},"18":{"start":{"line":42,"column":2},"end":{"line":46,"column":3}},"19":{"start":{"line":43,"column":4},"end":{"line":45,"column":5}},"20":{"start":{"line":44,"column":6},"end":{"line":44,"column":26}},"21":{"start":{"line":48,"column":2},"end":{"line":48,"column":13}},"22":{"start":{"line":444,"column":0},"end":{"line":855,"column":5}},"23":{"start":{"line":447,"column":4},"end":{"line":447,"column":63}},"24":{"start":{"line":449,"column":4},"end":{"line":449,"column":24}},"25":{"start":{"line":516,"column":4},"end":{"line":531,"column":6}},"26":{"start":{"line":533,"column":4},"end":{"line":854,"column":7}},"27":{"start":{"line":535,"column":6},"end":{"line":544,"column":56}},"28":{"start":{"line":546,"column":6},"end":{"line":550,"column":7}},"29":{"start":{"line":547,"column":8},"end":{"line":547,"column":33}},"30":{"start":{"line":548,"column":8},"end":{"line":548,"column":64}},"31":{"start":{"line":549,"column":8},"end":{"line":549,"column":28}},"32":{"start":{"line":552,"column":6},"end":{"line":623,"column":8}},"33":{"start":{"line":554,"column":10},"end":{"line":558,"column":33}},"34":{"start":{"line":560,"column":10},"end":{"line":560,"column":63}},"35":{"start":{"line":561,"column":10},"end":{"line":571,"column":13}},"36":{"start":{"line":562,"column":12},"end":{"line":564,"column":13}},"37":{"start":{"line":563,"column":14},"end":{"line":563,"column":96}},"38":{"start":{"line":565,"column":12},"end":{"line":570,"column":13}},"39":{"start":{"line":567,"column":14},"end":{"line":569,"column":16}},"40":{"start":{"line":572,"column":10},"end":{"line":572,"column":41}},"41":{"start":{"line":573,"column":10},"end":{"line":576,"column":13}},"42":{"start":{"line":574,"column":12},"end":{"line":574,"column":36}},"43":{"start":{"line":575,"column":12},"end":{"line":575,"column":22}},"44":{"start":{"line":578,"column":10},"end":{"line":578,"column":32}},"45":{"start":{"line":579,"column":10},"end":{"line":600,"column":13}},"46":{"start":{"line":580,"column":12},"end":{"line":580,"column":95}},"47":{"start":{"line":581,"column":12},"end":{"line":599,"column":13}},"48":{"start":{"line":582,"column":14},"end":{"line":586,"column":15}},"49":{"start":{"line":583,"column":16},"end":{"line":583,"column":55}},"50":{"start":{"line":585,"column":16},"end":{"line":585,"column":51}},"51":{"start":{"line":587,"column":14},"end":{"line":589,"column":17}},"52":{"start":{"line":588,"column":16},"end":{"line":588,"column":39}},"53":{"start":{"line":591,"column":14},"end":{"line":598,"column":17}},"54":{"start":{"line":593,"column":16},"end":{"line":597,"column":17}},"55":{"start":{"line":594,"column":18},"end":{"line":594,"column":30}},"56":{"start":{"line":596,"column":18},"end":{"line":596,"column":47}},"57":{"start":{"line":603,"column":10},"end":{"line":605,"column":11}},"58":{"start":{"line":604,"column":12},"end":{"line":604,"column":49}},"59":{"start":{"line":609,"column":10},"end":{"line":609,"column":54}},"60":{"start":{"line":612,"column":10},"end":{"line":612,"column":75}},"61":{"start":{"line":616,"column":10},"end":{"line":621,"column":13}},"62":{"start":{"line":617,"column":12},"end":{"line":620,"column":13}},"63":{"start":{"line":618,"column":14},"end":{"line":618,"column":50}},"64":{"start":{"line":619,"column":14},"end":{"line":619,"column":41}},"65":{"start":{"line":626,"column":6},"end":{"line":851,"column":7}},"66":{"start":{"line":627,"column":8},"end":{"line":627,"column":44}},"67":{"start":{"line":629,"column":8},"end":{"line":629,"column":65}},"68":{"start":{"line":631,"column":8},"end":{"line":640,"column":9}},"69":{"start":{"line":632,"column":10},"end":{"line":632,"column":23}},"70":{"start":{"line":633,"column":10},"end":{"line":633,"column":65}},"71":{"start":{"line":634,"column":10},"end":{"line":638,"column":13}},"72":{"start":{"line":635,"column":12},"end":{"line":635,"column":59}},"73":{"start":{"line":635,"column":37},"end":{"line":635,"column":57}},"74":{"start":{"line":636,"column":12},"end":{"line":637,"column":62}},"75":{"start":{"line":639,"column":10},"end":{"line":639,"column":21}},"76":{"start":{"line":642,"column":8},"end":{"line":644,"column":9}},"77":{"start":{"line":643,"column":10},"end":{"line":643,"column":35}},"78":{"start":{"line":646,"column":8},"end":{"line":648,"column":9}},"79":{"start":{"line":647,"column":10},"end":{"line":647,"column":49}},"80":{"start":{"line":650,"column":8},"end":{"line":656,"column":10}},"81":{"start":{"line":651,"column":10},"end":{"line":651,"column":38}},"82":{"start":{"line":652,"column":10},"end":{"line":652,"column":31}},"83":{"start":{"line":653,"column":10},"end":{"line":653,"column":32}},"84":{"start":{"line":654,"column":10},"end":{"line":654,"column":37}},"85":{"start":{"line":655,"column":10},"end":{"line":655,"column":22}},"86":{"start":{"line":658,"column":8},"end":{"line":843,"column":11}},"87":{"start":{"line":659,"column":10},"end":{"line":659,"column":123}},"88":{"start":{"line":660,"column":10},"end":{"line":660,"column":46}},"89":{"start":{"line":661,"column":10},"end":{"line":662,"column":62}},"90":{"start":{"line":664,"column":10},"end":{"line":672,"column":11}},"91":{"start":{"line":665,"column":12},"end":{"line":669,"column":77}},"92":{"start":{"line":670,"column":12},"end":{"line":670,"column":34}},"93":{"start":{"line":671,"column":12},"end":{"line":671,"column":34}},"94":{"start":{"line":674,"column":10},"end":{"line":833,"column":12}},"95":{"start":{"line":675,"column":12},"end":{"line":675,"column":50}},"96":{"start":{"line":677,"column":12},"end":{"line":711,"column":13}},"97":{"start":{"line":679,"column":16},"end":{"line":679,"column":27}},"98":{"start":{"line":680,"column":16},"end":{"line":680,"column":29}},"99":{"start":{"line":684,"column":16},"end":{"line":699,"column":17}},"100":{"start":{"line":685,"column":18},"end":{"line":689,"column":19}},"101":{"start":{"line":686,"column":20},"end":{"line":686,"column":33}},"102":{"start":{"line":687,"column":20},"end":{"line":687,"column":31}},"103":{"start":{"line":688,"column":20},"end":{"line":688,"column":26}},"104":{"start":{"line":691,"column":18},"end":{"line":691,"column":31}},"105":{"start":{"line":692,"column":18},"end":{"line":692,"column":29}},"106":{"start":{"line":695,"column":18},"end":{"line":695,"column":30}},"107":{"start":{"line":696,"column":18},"end":{"line":696,"column":28}},"108":{"start":{"line":697,"column":18},"end":{"line":697,"column":31}},"109":{"start":{"line":698,"column":18},"end":{"line":698,"column":24}},"110":{"start":{"line":702,"column":16},"end":{"line":704,"column":33}},"111":{"start":{"line":702,"column":36},"end":{"line":702,"column":49}},"112":{"start":{"line":703,"column":21},"end":{"line":704,"column":33}},"113":{"start":{"line":703,"column":34},"end":{"line":703,"column":44}},"114":{"start":{"line":704,"column":21},"end":{"line":704,"column":33}},"115":{"start":{"line":705,"column":16},"end":{"line":705,"column":22}},"116":{"start":{"line":706,"column":22},"end":{"line":706,"column":28}},"117":{"start":{"line":708,"column":16},"end":{"line":710,"column":36}},"118":{"start":{"line":713,"column":12},"end":{"line":713,"column":58}},"119":{"start":{"line":714,"column":12},"end":{"line":714,"column":91}},"120":{"start":{"line":715,"column":12},"end":{"line":715,"column":32}},"121":{"start":{"line":716,"column":12},"end":{"line":717,"column":41}},"122":{"start":{"line":718,"column":12},"end":{"line":719,"column":24}},"123":{"start":{"line":720,"column":12},"end":{"line":720,"column":35}},"124":{"start":{"line":721,"column":12},"end":{"line":721,"column":73}},"125":{"start":{"line":722,"column":12},"end":{"line":722,"column":32}},"126":{"start":{"line":723,"column":12},"end":{"line":723,"column":38}},"127":{"start":{"line":725,"column":12},"end":{"line":736,"column":15}},"128":{"start":{"line":726,"column":14},"end":{"line":735,"column":15}},"129":{"start":{"line":728,"column":18},"end":{"line":728,"column":48}},"130":{"start":{"line":729,"column":18},"end":{"line":729,"column":24}},"131":{"start":{"line":734,"column":18},"end":{"line":734,"column":24}},"132":{"start":{"line":738,"column":12},"end":{"line":745,"column":13}},"133":{"start":{"line":739,"column":14},"end":{"line":739,"column":43}},"134":{"start":{"line":740,"column":14},"end":{"line":740,"column":59}},"135":{"start":{"line":742,"column":14},"end":{"line":744,"column":15}},"136":{"start":{"line":743,"column":16},"end":{"line":743,"column":90}},"137":{"start":{"line":747,"column":12},"end":{"line":747,"column":48}},"138":{"start":{"line":747,"column":25},"end":{"line":747,"column":48}},"139":{"start":{"line":748,"column":12},"end":{"line":750,"column":26}},"140":{"start":{"line":752,"column":12},"end":{"line":784,"column":15}},"141":{"start":{"line":753,"column":14},"end":{"line":753,"column":39}},"142":{"start":{"line":755,"column":14},"end":{"line":780,"column":15}},"143":{"start":{"line":757,"column":16},"end":{"line":762,"column":17}},"144":{"start":{"line":758,"column":18},"end":{"line":761,"column":91}},"145":{"start":{"line":763,"column":16},"end":{"line":779,"column":17}},"146":{"start":{"line":764,"column":18},"end":{"line":764,"column":35}},"147":{"start":{"line":765,"column":18},"end":{"line":774,"column":21}},"148":{"start":{"line":766,"column":20},"end":{"line":773,"column":21}},"149":{"start":{"line":767,"column":22},"end":{"line":767,"column":53}},"150":{"start":{"line":772,"column":22},"end":{"line":772,"column":39}},"151":{"start":{"line":776,"column":18},"end":{"line":776,"column":47}},"152":{"start":{"line":777,"column":18},"end":{"line":777,"column":51}},"153":{"start":{"line":778,"column":18},"end":{"line":778,"column":43}},"154":{"start":{"line":781,"column":14},"end":{"line":781,"column":40}},"155":{"start":{"line":783,"column":14},"end":{"line":783,"column":30}},"156":{"start":{"line":786,"column":12},"end":{"line":793,"column":15}},"157":{"start":{"line":787,"column":14},"end":{"line":787,"column":37}},"158":{"start":{"line":788,"column":14},"end":{"line":792,"column":15}},"159":{"start":{"line":789,"column":16},"end":{"line":789,"column":44}},"160":{"start":{"line":790,"column":16},"end":{"line":790,"column":55}},"161":{"start":{"line":791,"column":16},"end":{"line":791,"column":84}},"162":{"start":{"line":795,"column":12},"end":{"line":813,"column":27}},"163":{"start":{"line":797,"column":16},"end":{"line":797,"column":58}},"164":{"start":{"line":798,"column":16},"end":{"line":798,"column":97}},"165":{"start":{"line":799,"column":16},"end":{"line":799,"column":29}},"166":{"start":{"line":803,"column":18},"end":{"line":807,"column":19}},"167":{"start":{"line":806,"column":20},"end":{"line":806,"column":40}},"168":{"start":{"line":808,"column":18},"end":{"line":808,"column":48}},"169":{"start":{"line":808,"column":32},"end":{"line":808,"column":48}},"170":{"start":{"line":809,"column":18},"end":{"line":811,"column":40}},"171":{"start":{"line":815,"column":12},"end":{"line":824,"column":13}},"172":{"start":{"line":819,"column":14},"end":{"line":819,"column":39}},"173":{"start":{"line":820,"column":14},"end":{"line":820,"column":38}},"174":{"start":{"line":821,"column":14},"end":{"line":821,"column":68}},"175":{"start":{"line":821,"column":31},"end":{"line":821,"column":68}},"176":{"start":{"line":823,"column":14},"end":{"line":823,"column":27}},"177":{"start":{"line":827,"column":12},"end":{"line":827,"column":27}},"178":{"start":{"line":829,"column":12},"end":{"line":832,"column":13}},"179":{"start":{"line":830,"column":14},"end":{"line":830,"column":34}},"180":{"start":{"line":831,"column":14},"end":{"line":831,"column":45}},"181":{"start":{"line":836,"column":10},"end":{"line":842,"column":12}},"182":{"start":{"line":837,"column":12},"end":{"line":839,"column":13}},"183":{"start":{"line":838,"column":14},"end":{"line":838,"column":30}},"184":{"start":{"line":838,"column":31},"end":{"line":838,"column":48}},"185":{"start":{"line":838,"column":49},"end":{"line":838,"column":61}},"186":{"start":{"line":840,"column":12},"end":{"line":840,"column":81}},"187":{"start":{"line":841,"column":12},"end":{"line":841,"column":45}},"188":{"start":{"line":845,"column":8},"end":{"line":848,"column":10}},"189":{"start":{"line":846,"column":10},"end":{"line":846,"column":89}},"190":{"start":{"line":847,"column":10},"end":{"line":847,"column":79}},"191":{"start":{"line":850,"column":8},"end":{"line":850,"column":24}},"192":{"start":{"line":853,"column":6},"end":{"line":853,"column":29}}},"branchMap":{"1":{"line":16,"type":"binary-expr","locations":[{"start":{"line":16,"column":10},"end":{"line":16,"column":22}},{"start":{"line":16,"column":26},"end":{"line":16,"column":37}},{"start":{"line":16,"column":41},"end":{"line":16,"column":66}},{"start":{"line":17,"column":6},"end":{"line":17,"column":40}}]},"2":{"line":21,"type":"if","locations":[{"start":{"line":21,"column":2},"end":{"line":21,"column":2}},{"start":{"line":21,"column":2},"end":{"line":21,"column":2}}]},"3":{"line":25,"type":"binary-expr","locations":[{"start":{"line":25,"column":36},"end":{"line":25,"column":42}},{"start":{"line":25,"column":46},"end":{"line":25,"column":68}}]},"4":{"line":27,"type":"cond-expr","locations":[{"start":{"line":27,"column":27},"end":{"line":27,"column":35}},{"start":{"line":27,"column":38},"end":{"line":27,"column":47}}]},"5":{"line":36,"type":"binary-expr","locations":[{"start":{"line":36,"column":8},"end":{"line":36,"column":11}},{"start":{"line":36,"column":15},"end":{"line":36,"column":17}}]},"6":{"line":43,"type":"if","locations":[{"start":{"line":43,"column":4},"end":{"line":43,"column":4}},{"start":{"line":43,"column":4},"end":{"line":43,"column":4}}]},"7":{"line":43,"type":"binary-expr","locations":[{"start":{"line":43,"column":8},"end":{"line":43,"column":31}},{"start":{"line":43,"column":35},"end":{"line":43,"column":84}}]},"8":{"line":43,"type":"binary-expr","locations":[{"start":{"line":43,"column":37},"end":{"line":43,"column":58}},{"start":{"line":43,"column":62},"end":{"line":43,"column":83}}]},"9":{"line":555,"type":"binary-expr","locations":[{"start":{"line":555,"column":18},"end":{"line":555,"column":27}},{"start":{"line":555,"column":31},"end":{"line":555,"column":44}}]},"10":{"line":562,"type":"if","locations":[{"start":{"line":562,"column":12},"end":{"line":562,"column":12}},{"start":{"line":562,"column":12},"end":{"line":562,"column":12}}]},"11":{"line":565,"type":"if","locations":[{"start":{"line":565,"column":12},"end":{"line":565,"column":12}},{"start":{"line":565,"column":12},"end":{"line":565,"column":12}}]},"12":{"line":565,"type":"binary-expr","locations":[{"start":{"line":565,"column":16},"end":{"line":565,"column":51}},{"start":{"line":565,"column":55},"end":{"line":565,"column":60}},{"start":{"line":566,"column":15},"end":{"line":566,"column":71}}]},"13":{"line":578,"type":"binary-expr","locations":[{"start":{"line":578,"column":19},"end":{"line":578,"column":25}},{"start":{"line":578,"column":29},"end":{"line":578,"column":31}}]},"14":{"line":580,"type":"cond-expr","locations":[{"start":{"line":580,"column":52},"end":{"line":580,"column":68}},{"start":{"line":580,"column":71},"end":{"line":580,"column":94}}]},"15":{"line":581,"type":"if","locations":[{"start":{"line":581,"column":12},"end":{"line":581,"column":12}},{"start":{"line":581,"column":12},"end":{"line":581,"column":12}}]},"16":{"line":581,"type":"binary-expr","locations":[{"start":{"line":581,"column":16},"end":{"line":581,"column":30}},{"start":{"line":581,"column":34},"end":{"line":581,"column":46}}]},"17":{"line":582,"type":"if","locations":[{"start":{"line":582,"column":14},"end":{"line":582,"column":14}},{"start":{"line":582,"column":14},"end":{"line":582,"column":14}}]},"18":{"line":593,"type":"if","locations":[{"start":{"line":593,"column":16},"end":{"line":593,"column":16}},{"start":{"line":593,"column":16},"end":{"line":593,"column":16}}]},"19":{"line":603,"type":"if","locations":[{"start":{"line":603,"column":10},"end":{"line":603,"column":10}},{"start":{"line":603,"column":10},"end":{"line":603,"column":10}}]},"20":{"line":604,"type":"binary-expr","locations":[{"start":{"line":604,"column":18},"end":{"line":604,"column":41}},{"start":{"line":604,"column":45},"end":{"line":604,"column":48}}]},"21":{"line":617,"type":"if","locations":[{"start":{"line":617,"column":12},"end":{"line":617,"column":12}},{"start":{"line":617,"column":12},"end":{"line":617,"column":12}}]},"22":{"line":618,"type":"binary-expr","locations":[{"start":{"line":618,"column":30},"end":{"line":618,"column":43}},{"start":{"line":618,"column":47},"end":{"line":618,"column":49}}]},"23":{"line":635,"type":"if","locations":[{"start":{"line":635,"column":12},"end":{"line":635,"column":12}},{"start":{"line":635,"column":12},"end":{"line":635,"column":12}}]},"24":{"line":636,"type":"cond-expr","locations":[{"start":{"line":637,"column":14},"end":{"line":637,"column":53}},{"start":{"line":637,"column":56},"end":{"line":637,"column":61}}]},"25":{"line":636,"type":"binary-expr","locations":[{"start":{"line":636,"column":23},"end":{"line":636,"column":28}},{"start":{"line":636,"column":32},"end":{"line":636,"column":44}},{"start":{"line":636,"column":48},"end":{"line":636,"column":71}}]},"26":{"line":647,"type":"binary-expr","locations":[{"start":{"line":647,"column":30},"end":{"line":647,"column":35}},{"start":{"line":647,"column":39},"end":{"line":647,"column":41}}]},"27":{"line":659,"type":"binary-expr","locations":[{"start":{"line":659,"column":24},"end":{"line":659,"column":47}},{"start":{"line":659,"column":52},"end":{"line":659,"column":76}},{"start":{"line":659,"column":80},"end":{"line":659,"column":121}}]},"28":{"line":661,"type":"cond-expr","locations":[{"start":{"line":662,"column":14},"end":{"line":662,"column":32}},{"start":{"line":662,"column":35},"end":{"line":662,"column":61}}]},"29":{"line":664,"type":"if","locations":[{"start":{"line":664,"column":10},"end":{"line":664,"column":10}},{"start":{"line":664,"column":10},"end":{"line":664,"column":10}}]},"30":{"line":664,"type":"binary-expr","locations":[{"start":{"line":664,"column":14},"end":{"line":664,"column":28}},{"start":{"line":664,"column":32},"end":{"line":664,"column":57}}]},"31":{"line":677,"type":"switch","locations":[{"start":{"line":678,"column":14},"end":{"line":680,"column":29}},{"start":{"line":682,"column":14},"end":{"line":682,"column":21}},{"start":{"line":683,"column":14},"end":{"line":699,"column":17}},{"start":{"line":701,"column":14},"end":{"line":705,"column":22}},{"start":{"line":706,"column":14},"end":{"line":706,"column":28}},{"start":{"line":707,"column":14},"end":{"line":710,"column":36}}]},"32":{"line":684,"type":"if","locations":[{"start":{"line":684,"column":16},"end":{"line":684,"column":16}},{"start":{"line":684,"column":16},"end":{"line":684,"column":16}}]},"33":{"line":685,"type":"if","locations":[{"start":{"line":685,"column":18},"end":{"line":685,"column":18}},{"start":{"line":685,"column":18},"end":{"line":685,"column":18}}]},"34":{"line":702,"type":"if","locations":[{"start":{"line":702,"column":16},"end":{"line":702,"column":16}},{"start":{"line":702,"column":16},"end":{"line":702,"column":16}}]},"35":{"line":703,"type":"if","locations":[{"start":{"line":703,"column":21},"end":{"line":703,"column":21}},{"start":{"line":703,"column":21},"end":{"line":703,"column":21}}]},"36":{"line":714,"type":"cond-expr","locations":[{"start":{"line":714,"column":41},"end":{"line":714,"column":45}},{"start":{"line":714,"column":49},"end":{"line":714,"column":89}}]},"37":{"line":714,"type":"cond-expr","locations":[{"start":{"line":714,"column":66},"end":{"line":714,"column":68}},{"start":{"line":714,"column":71},"end":{"line":714,"column":89}}]},"38":{"line":716,"type":"binary-expr","locations":[{"start":{"line":716,"column":38},"end":{"line":716,"column":56}},{"start":{"line":716,"column":60},"end":{"line":716,"column":87}},{"start":{"line":717,"column":14},"end":{"line":717,"column":40}}]},"39":{"line":718,"type":"binary-expr","locations":[{"start":{"line":718,"column":43},"end":{"line":718,"column":61}},{"start":{"line":718,"column":65},"end":{"line":718,"column":97}},{"start":{"line":719,"column":14},"end":{"line":719,"column":23}}]},"40":{"line":726,"type":"switch","locations":[{"start":{"line":727,"column":16},"end":{"line":729,"column":24}},{"start":{"line":730,"column":16},"end":{"line":730,"column":30}},{"start":{"line":731,"column":16},"end":{"line":731,"column":31}},{"start":{"line":732,"column":16},"end":{"line":732,"column":35}},{"start":{"line":733,"column":16},"end":{"line":734,"column":24}}]},"41":{"line":738,"type":"if","locations":[{"start":{"line":738,"column":12},"end":{"line":738,"column":12}},{"start":{"line":738,"column":12},"end":{"line":738,"column":12}}]},"42":{"line":738,"type":"binary-expr","locations":[{"start":{"line":738,"column":16},"end":{"line":738,"column":31}},{"start":{"line":738,"column":35},"end":{"line":738,"column":46}}]},"43":{"line":742,"type":"if","locations":[{"start":{"line":742,"column":14},"end":{"line":742,"column":14}},{"start":{"line":742,"column":14},"end":{"line":742,"column":14}}]},"44":{"line":747,"type":"if","locations":[{"start":{"line":747,"column":12},"end":{"line":747,"column":12}},{"start":{"line":747,"column":12},"end":{"line":747,"column":12}}]},"45":{"line":749,"type":"binary-expr","locations":[{"start":{"line":749,"column":45},"end":{"line":749,"column":58}},{"start":{"line":749,"column":62},"end":{"line":749,"column":64}}]},"46":{"line":755,"type":"if","locations":[{"start":{"line":755,"column":14},"end":{"line":755,"column":14}},{"start":{"line":755,"column":14},"end":{"line":755,"column":14}}]},"47":{"line":757,"type":"if","locations":[{"start":{"line":757,"column":16},"end":{"line":757,"column":16}},{"start":{"line":757,"column":16},"end":{"line":757,"column":16}}]},"48":{"line":760,"type":"cond-expr","locations":[{"start":{"line":760,"column":97},"end
[...]
UT request in the format URL/object/ID"," *    // Here we are creating an 'update' method"," *    app.factory('Notes', ['$resource', function($resource) {"," *    return $resource('/notes/:id', null,"," *        {"," *            'update': { method:'PUT' }"," *        });"," *    }]);"," *"," *    // In our controller we get the ID from the URL using ngRoute and $routeParams"," *    // We pass in $routeParams and our Notes factory along with $scope"," *    app.controller('NotesCtrl', ['$scope', '$routeParams', 'Notes',","                                      function($scope, $routeParams, Notes) {"," *    // First get a note object from the factory"," *    var note = Notes.get({ id:$routeParams.id });"," *    $id = note.id;"," *"," *    // Now call update passing in the ID first then the object you are updating"," *    Notes.update({ id:$id }, note);"," *"," *    // This will PUT /notes/ID with the note object in the request payload"," *    }]);"," * ```"," *"," * @example"," *"," * # Cancelling requests"," *"," * If an action's configuration specifies that it is cancellable, you can cancel the request related"," * to an instance or collection (as long as it is a result of a \"non-instance\" call):"," *","   ```js","     // ...defining the `Hotel` resource...","     var Hotel = $resource('/api/hotel/:id', {id: '@id'}, {","       // Let's make the `query()` method cancellable","       query: {method: 'get', isArray: true, cancellable: true}","     });","","     // ...somewhere in the PlanVacationController...","     ...","     this.onDestinationChanged = function onDestinationChanged(destination) {","       // We don't care about any pending request for hotels","       // in a different destination any more","       this.availableHotels.$cancelRequest();","","       // Let's query for hotels in '<destination>'","       // (calls: /api/hotel?location=<destination>)","       this.availableHotels = Hotel.query({location: destination});","     };","   ```"," *"," */","angular.module('ngResource', ['ng']).","  info({ angularVersion: '1.6.4' }).","  provider('$resource', function ResourceProvider() {","    var PROTOCOL_AND_IPV6_REGEX = /^https?:\\/\\/\\[[^\\]]*][^/]*/;","","    var provider = this;","","    /**","     * @ngdoc property","     * @name $resourceProvider#defaults","     * @description","     * Object containing default options used when creating `$resource` instances.","     *","     * The default values satisfy a wide range of usecases, but you may choose to overwrite any of","     * them to further customize your instances. The available properties are:","     *","     * - **stripTrailingSlashes** – `{boolean}` – If true, then the trailing slashes from any","     *   calculated URL will be stripped.<br />","     *   (Defaults to true.)","     * - **cancellable** – `{boolean}` – If true, the request made by a \"non-instance\" call will be","     *   cancelled (if not already completed) by calling `$cancelRequest()` on the call's return","     *   value. For more details, see {@link ngResource.$resource}. This can be overwritten per","     *   resource class or action.<br />","     *   (Defaults to false.)","     * - **actions** - `{Object.<Object>}` - A hash with default actions declarations. Actions are","     *   high-level methods corresponding to RESTful actions/methods on resources. An action may","     *   specify what HTTP method to use, what URL to hit, if the return value will be a single","     *   object or a collection (array) of objects etc. For more details, see","     *   {@link ngResource.$resource}. The actions can also be enhanced or overwritten per resource","     *   class.<br />","     *   The default actions are:","     *   ```js","     *   {","     *     get: {method: 'GET'},","     *     save: {method: 'POST'},","     *     query: {method: 'GET', isArray: true},","     *     remove: {method: 'DELETE'},","     *     delete: {method: 'DELETE'}","     *   }","     *   ```","     *","     * #### Example","     *","     * For example, you can specify a new `update` action that uses the `PUT` HTTP verb:","     *","     * ```js","     *   angular.","     *     module('myApp').","     *     config(['$resourceProvider', function ($resourceProvider) {","     *       $resourceProvider.defaults.actions.update = {","     *         method: 'PUT'","     *       };","     *     });","     * ```","     *","     * Or you can even overwrite the whole `actions` list and specify your own:","     *","     * ```js","     *   angular.","     *     module('myApp').","     *     config(['$resourceProvider', function ($resourceProvider) {","     *       $resourceProvider.defaults.actions = {","     *         create: {method: 'POST'},","     *         get:    {method: 'GET'},","     *         getAll: {method: 'GET', isArray:true},","     *         update: {method: 'PUT'},","     *         delete: {method: 'DELETE'}","     *       };","     *     });","     * ```","     *","     */","    this.defaults = {","      // Strip slashes by default","      stripTrailingSlashes: true,","","      // Make non-instance requests cancellable (via `$cancelRequest()`)","      cancellable: false,","","      // Default actions configuration","      actions: {","        'get': {method: 'GET'},","        'save': {method: 'POST'},","        'query': {method: 'GET', isArray: true},","        'remove': {method: 'DELETE'},","        'delete': {method: 'DELETE'}","      }","    };","","    this.$get = ['$http', '$log', '$q', '$timeout', function($http, $log, $q, $timeout) {","","      var noop = angular.noop,","          forEach = angular.forEach,","          extend = angular.extend,","          copy = angular.copy,","          isArray = angular.isArray,","          isDefined = angular.isDefined,","          isFunction = angular.isFunction,","          isNumber = angular.isNumber,","          encodeUriQuery = angular.$$encodeUriQuery,","          encodeUriSegment = angular.$$encodeUriSegment;","","      function Route(template, defaults) {","        this.template = template;","        this.defaults = extend({}, provider.defaults, defaults);","        this.urlParams = {};","      }","","      Route.prototype = {","        setUrlParams: function(config, params, actionUrl) {","          var self = this,","            url = actionUrl || self.template,","            val,","            encodedVal,","            protocolAndIpv6 = '';","","          var urlParams = self.urlParams = Object.create(null);","          forEach(url.split(/\\W/), function(param) {","            if (param === 'hasOwnProperty') {","              throw $resourceMinErr('badname', 'hasOwnProperty is not a valid parameter name.');","            }","            if (!(new RegExp('^\\\\d+$').test(param)) && param &&","              (new RegExp('(^|[^\\\\\\\\]):' + param + '(\\\\W|$)').test(url))) {","              urlParams[param] = {","                isQueryParamValue: (new RegExp('\\\\?.*=:' + param + '(?:\\\\W|$)')).test(url)","              };","            }","          });","          url = url.replace(/\\\\:/g, ':');","          url = url.replace(PROTOCOL_AND_IPV6_REGEX, function(match) {","            protocolAndIpv6 = match;","            return '';","          });","","          params = params || {};","          forEach(self.urlParams, function(paramInfo, urlParam) {","            val = params.hasOwnProperty(urlParam) ? params[urlParam] : self.defaults[urlParam];","            if (isDefined(val) && val !== null) {","              if (paramInfo.isQueryParamValue) {","                encodedVal = encodeUriQuery(val, true);","              } else {","                encodedVal = encodeUriSegment(val);","              }","              url = url.replace(new RegExp(':' + urlParam + '(\\\\W|$)', 'g'), function(match, p1) {","                return encodedVal + p1;","              });","            } else {","              url = url.replace(new RegExp('(/?):' + urlParam + '(\\\\W|$)', 'g'), function(match,","                  leadingSlashes, tail) {","                if (tail.charAt(0) === '/') {","                  return tail;","                } else {","                  return leadingSlashes + tail;","                }","              });","            }","          });","","          // strip trailing slashes and set the url (unless this behavior is specifically disabled)","          if (self.defaults.stripTrailingSlashes) {","            url = url.replace(/\\/+$/, '') || '/';","          }","","          // Collapse `/.` if found in the last URL path segment before the query.","          // E.g. `http://url.com/id/.format?q=x` becomes `http://url.com/id.format?q=x`.","          url = url.replace(/\\/\\.(?=\\w+($|\\?))/, '.');","          // Replace escaped `/\\.` with `/.`.","          // (If `\\.` comes from a param value, it will be encoded as `%5C.`.)","          config.url = protocolAndIpv6 + url.replace(/\\/(\\\\|%5C)\\./, '/.');","","","          // set params - delegate param encoding to $http","          forEach(params, function(value, key) {","            if (!self.urlParams[key]) {","              config.params = config.params || {};","              config.params[key] = value;","            }","          });","        }","      };","","","      function resourceFactory(url, paramDefaults, actions, options) {","        var route = new Route(url, options);","","        actions = extend({}, provider.defaults.actions, actions);","","        function extractParams(data, actionParams) {","          var ids = {};","          actionParams = extend({}, paramDefaults, actionParams);","          forEach(actionParams, function(value, key) {","            if (isFunction(value)) { value = value(data); }","            ids[key] = value && value.charAt && value.charAt(0) === '@' ?","              lookupDottedPath(data, value.substr(1)) : value;","          });","          return ids;","        }","","        function defaultResponseInterceptor(response) {","          return response.resource;","        }","","        function Resource(value) {","          shallowClearAndCopy(value || {}, this);","        }","","        Resource.prototype.toJSON = function() {","          var data = extend({}, this);","          delete data.$promise;","          delete data.$resolved;","          delete data.$cancelRequest;","          return data;","        };","","        forEach(actions, function(action, name) {","          var hasBody = action.hasBody === true || (action.hasBody !== false && /^(POST|PUT|PATCH)$/i.test(action.method));","          var numericTimeout = action.timeout;","          var cancellable = isDefined(action.cancellable) ?","              action.cancellable : route.defaults.cancellable;","","          if (numericTimeout && !isNumber(numericTimeout)) {","            $log.debug('ngResource:\\n' +","                       '  Only numeric values are allowed as `timeout`.\\n' +","                       '  Promises are not supported in $resource, because the same value would ' +","                       'be used for multiple requests. If you are looking for a way to cancel ' +","                       'requests, you should use the `cancellable` option.');","            delete action.timeout;","            numericTimeout = null;","          }","","          Resource[name] = function(a1, a2, a3, a4) {","            var params = {}, data, success, error;","","            switch (arguments.length) {","              case 4:","                error = a4;","                success = a3;","                // falls through","              case 3:","              case 2:","                if (isFunction(a2)) {","                  if (isFunction(a1)) {","                    success = a1;","                    error = a2;","                    break;","                  }","","                  success = a2;","                  error = a3;","                  // falls through","                } else {","                  params = a1;","                  data = a2;","                  success = a3;","                  break;","                }","                // falls through","              case 1:","                if (isFunction(a1)) success = a1;","                else if (hasBody) data = a1;","                else params = a1;","                break;","              case 0: break;","              default:","                throw $resourceMinErr('badargs',","                  'Expected up to 4 arguments [params, data, success, error], got {0} arguments',","                  arguments.length);","            }","","            var isInstanceCall = this instanceof Resource;","            var value = isInstanceCall ? data : (action.isArray ? [] : new Resource(data));","            var httpConfig = {};","            var responseInterceptor = action.interceptor && action.interceptor.response ||","              defaultResponseInterceptor;","            var responseErrorInterceptor = action.interceptor && action.interceptor.responseError ||","              undefined;","            var hasError = !!error;","            var hasResponseErrorInterceptor = !!responseErrorInterceptor;","            var timeoutDeferred;","            var numericTimeoutPromise;","","            forEach(action, function(value, key) {","              switch (key) {","                default:","                  httpConfig[key] = copy(value);","                  break;","                case 'params':","                case 'isArray':","                case 'interceptor':","                case 'cancellable':","                  break;","              }","            });","","            if (!isInstanceCall && cancellable) {","              timeoutDeferred = $q.defer();","              httpConfig.timeout = timeoutDeferred.promise;","","              if (numericTimeout) {","                numericTimeoutPromise = $timeout(timeoutDeferred.resolve, numericTimeout);","              }","            }","","            if (hasBody) httpConfig.data = data;","            route.setUrlParams(httpConfig,","              extend({}, extractParams(data, action.params || {}), params),","              action.url);","","            var promise = $http(httpConfig).then(function(response) {","              var data = response.data;","","              if (data) {","                // Need to convert action.isArray to boolean in case it is undefined","                if (isArray(data) !== (!!action.isArray)) {","                  throw $resourceMinErr('badcfg',","                      'Error in resource configuration for action `{0}`. Expected response to ' +","                      'contain an {1} but got an {2} (Request: {3} {4})', name, action.isArray ? 'array' : 'object',","                    isArray(data) ? 'array' : 'object', httpConfig.method, httpConfig.url);","                }","                if (action.isArray) {","                  value.length = 0;","                  forEach(data, function(item) {","                    if (typeof item === 'object') {","                      value.push(new Resource(item));","                    } else {","                      // Valid JSON values may be string literals, and these should not be converted","                      // into objects. These items will not have access to the Resource prototype","                      // methods, but unfortunately there","                      value.push(item);","                    }","                  });","                } else {","                  var promise = value.$promise;     // Save the promise","                  shallowClearAndCopy(data, value);","                  value.$promise = promise;         // Restore the promise","                }","              }","              response.resource = value;","","              return response;","            });","","            promise = promise['finally'](function() {","              value.$resolved = true;","              if (!isInstanceCall && cancellable) {","                value.$cancelRequest = noop;","                $timeout.cancel(numericTimeoutPromise);","                timeoutDeferred = numericTimeoutPromise = httpConfig.timeout = null;","              }","            });","","            promise = promise.then(","              function(response) {","                var value = responseInterceptor(response);","                (success || noop)(value, response.headers, response.status, response.statusText);","                return value;","              },","              (hasError || hasResponseErrorInterceptor) ?","                function(response) {","                  if (hasError && !hasResponseErrorInterceptor) {","                    // Avoid `Possibly Unhandled Rejection` error,","                    // but still fulfill the returned promise with a rejection","                    promise.catch(noop);","                  }","                  if (hasError) error(response);","                  return hasResponseErrorInterceptor ?","                    responseErrorInterceptor(response) :","                    $q.reject(response);","                } :","                undefined);","","            if (!isInstanceCall) {","              // we are creating instance / collection","              // - set the initial promise","              // - return the instance / collection","              value.$promise = promise;","              value.$resolved = false;","              if (cancellable) value.$cancelRequest = cancelRequest;","","              return value;","            }","","            // instance call","            return promise;","","            function cancelRequest(value) {","              promise.catch(noop);","              timeoutDeferred.resolve(value);","            }","          };","","","          Resource.prototype['$' + name] = function(params, success, error) {","            if (isFunction(params)) {","              error = success; success = params; params = {};","            }","            var result = Resource[name].call(this, params, this, success, error);","            return result.$promise || result;","          };","        });","","        Resource.bind = function(additionalParamDefaults) {","          var extendedParamDefaults = extend({}, paramDefaults, additionalParamDefaults);","          return resourceFactory(url, extendedParamDefaults, actions, options);","        };","","        return Resource;","      }","","      return resourceFactory;","    }];","  });","","","})(window, window.angular);",""],"l":{"6":4,"8":0,"13":0,"15":1,"16":0,"20":1,"21":0,"22":0,"24":0,"25":0,"26":0,"27":0,"29":0,"35":1,"36":0,"38":0,"39":0,"42":0,"43":0,"44":0,"48":0,"444":0,"447":0,"449":0,"516":0,"533":0,"535":0,"546":1,"547":0,"548":0,"549":0,"552":0,"554":0,"560":0,"561":0,"562":0,"563":0,"565":0,"567":0,"572":0,"573":0,"574":0,"575":0,"578":0,"579":0,"580":0,"581":0,"582":0,"583":0,"585":0,"587":0,"588":0,"591":0,"593":0,"594":0,"596":0,"603":0,"604":0,"609":0,"612":0,"616":0,"617":0,"618":0,"619":0,"626":1,"627":0,"629":0,"631":1,"632":0,"633":0,"634":0,"635":0,"636":0,"639":0,"642":1,"643":0,"646":1,"647":0,"650":0,"651":0,"652":0,"653":0,"654":0,"655":0,"658":0,"659":0,"660":0,"661":0,"664":0,"665":0,"670":0,"671":0,"674":0,"675":0,"677":0,"679":0,"680":0,"684":0,"685":0,"686":0,"687":0,"688":0,"691":0,"692":0,"695":0,"696":0,"697":0,"698":0,"702":0,"703":0,"704":0,"705":0,"706":0,"708":0,"713":0,"714":0,"715":0,"716":0,"718":0,"720":0,"721":0,"722":0,"723":0,"725":0,"726":0,"728":0,"729":0,"734":0,"738":0,"739":0,"740":0,"742":0,"743":0,"747":0,"748":0,"752":0,"753":0,"755":0,"757":0,"758":0,"763":0,"764":0,"765":0,"766":0,"767":0,"772":0,"776":0,"777":0,"778":0,"781":0,"783":0,"786":0,"787":0,"788":0,"789":0,"790":0,"791":0,"795":0,"797":0,"798":0,"799":0,"803":0,"806":0,"808":0,"809":0,"815":0,"819":0,"820":0,"821":0,"823":0,"827":0,"829":1,"830":0,"831":0,"836":0,"837":0,"838":0,"840":0,"841":0,"845":0,"846":0,"847":0,"850":0,"853":0}}}